TN:
SF:./public/modules/angular-hotkeys/services/hotkeys.js
FN:18,(anonymous_1)
FN:22,(anonymous_2)
FN:66,(anonymous_3)
FN:71,(anonymous_4)
FN:85,symbolize
FN:124,Hotkey
FN:145,(anonymous_7)
FN:201,(anonymous_8)
FN:205,(anonymous_9)
FN:245,purgeHotkeys
FN:260,toggleCheatSheet
FN:294,_add
FN:355,(anonymous_13)
FN:396,_del
FN:431,_get
FN:452,bindTo
FN:456,(anonymous_17)
FN:467,(anonymous_18)
FN:489,wrapApply
FN:491,(anonymous_20)
FN:499,(anonymous_21)
FN:506,(anonymous_22)
FN:533,(anonymous_23)
FN:536,(anonymous_24)
FN:539,(anonymous_25)
FN:555,(anonymous_26)
FN:562,(anonymous_27)
FN:591,(anonymous_28)
FN:783,_addEvent
FN:798,_characterFromEvent
FN:844,_modifiersMatch
FN:854,_resetSequences
FN:885,_getMatches
FN:951,_eventModifiers
FN:979,_preventDefault
FN:994,_stopPropagation
FN:1013,_fireCallback
FN:1034,_handleKey
FN:1120,_handleKeyEvent
FN:1150,_isModifier
FN:1162,_resetSequenceTimer
FN:1173,_getReverseMap
FN:1199,_pickBestAction
FN:1225,_bindSequence
FN:1238,_increaseSequence
FN:1239,(anonymous_46)
FN:1253,_callbackAndReset
FN:1290,_keysFromString
FN:1305,_getKeyInfo
FN:1358,_bindSingle
FN:1409,_bindMultiple
FN:1436,(anonymous_52)
FN:1459,(anonymous_53)
FN:1460,(anonymous_54)
FN:1470,(anonymous_55)
FN:1484,(anonymous_56)
FN:1497,(anonymous_57)
FNF:57
FNH:22
FNDA:1,(anonymous_1)
FNDA:268,(anonymous_2)
FNDA:268,(anonymous_3)
FNDA:0,(anonymous_4)
FNDA:135,symbolize
FNDA:270,Hotkey
FNDA:135,(anonymous_7)
FNDA:0,(anonymous_8)
FNDA:0,(anonymous_9)
FNDA:0,purgeHotkeys
FNDA:0,toggleCheatSheet
FNDA:270,_add
FNDA:0,(anonymous_13)
FNDA:0,_del
FNDA:0,_get
FNDA:0,bindTo
FNDA:0,(anonymous_17)
FNDA:0,(anonymous_18)
FNDA:270,wrapApply
FNDA:0,(anonymous_20)
FNDA:0,(anonymous_21)
FNDA:0,(anonymous_22)
FNDA:0,(anonymous_23)
FNDA:0,(anonymous_24)
FNDA:0,(anonymous_25)
FNDA:0,(anonymous_26)
FNDA:268,(anonymous_27)
FNDA:1,(anonymous_28)
FNDA:3,_addEvent
FNDA:0,_characterFromEvent
FNDA:0,_modifiersMatch
FNDA:0,_resetSequences
FNDA:271,_getMatches
FNDA:0,_eventModifiers
FNDA:0,_preventDefault
FNDA:0,_stopPropagation
FNDA:0,_fireCallback
FNDA:0,_handleKey
FNDA:0,_handleKeyEvent
FNDA:272,_isModifier
FNDA:0,_resetSequenceTimer
FNDA:272,_getReverseMap
FNDA:272,_pickBestAction
FNDA:1,_bindSequence
FNDA:1,_increaseSequence
FNDA:0,(anonymous_46)
FNDA:0,_callbackAndReset
FNDA:272,_keysFromString
FNDA:272,_getKeyInfo
FNDA:272,_bindSingle
FNDA:270,_bindMultiple
FNDA:270,(anonymous_52)
FNDA:0,(anonymous_53)
FNDA:0,(anonymous_54)
FNDA:0,(anonymous_55)
FNDA:0,(anonymous_56)
FNDA:0,(anonymous_57)
DA:18,1
DA:22,1
DA:28,268
DA:35,268
DA:41,268
DA:58,268
DA:64,268
DA:66,268
DA:71,268
DA:73,0
DA:74,0
DA:77,0
DA:85,1
DA:86,135
DA:96,135
DA:98,135
DA:100,135
DA:101,0
DA:102,0
DA:104,0
DA:108,135
DA:111,135
DA:124,1
DA:129,270
DA:130,270
DA:131,270
DA:132,270
DA:133,270
DA:134,270
DA:145,268
DA:149,135
DA:151,135
DA:152,135
DA:153,135
DA:156,135
DA:163,268
DA:169,268
DA:175,268
DA:181,268
DA:188,268
DA:198,268
DA:201,268
DA:202,0
DA:204,0
DA:205,0
DA:209,0
DA:210,0
DA:211,0
DA:216,0
DA:217,0
DA:224,268
DA:225,268
DA:226,268
DA:227,268
DA:228,268
DA:231,268
DA:232,1
DA:235,268
DA:245,1
DA:246,0
DA:247,0
DA:248,0
DA:249,0
DA:250,0
DA:258,268
DA:260,1
DA:261,0
DA:266,0
DA:267,0
DA:268,0
DA:273,0
DA:275,0
DA:278,0
DA:279,0
DA:294,1
DA:297,270
DA:300,270
DA:303,270
DA:305,270
DA:306,2
DA:307,2
DA:308,2
DA:309,2
DA:310,2
DA:311,2
DA:315,270
DA:316,0
DA:317,0
DA:318,0
DA:319,270
DA:320,0
DA:326,270
DA:327,270
DA:334,270
DA:337,270
DA:340,270
DA:341,270
DA:345,270
DA:346,270
DA:347,0
DA:348,0
DA:349,0
DA:350,0
DA:355,270
DA:356,0
DA:357,0
DA:358,0
DA:361,0
DA:362,0
DA:365,0
DA:366,0
DA:367,0
DA:368,0
DA:373,0
DA:374,0
DA:379,270
DA:380,0
DA:382,270
DA:385,270
DA:386,270
DA:387,270
DA:396,1
DA:397,0
DA:399,0
DA:401,0
DA:402,0
DA:403,0
DA:404,0
DA:406,0
DA:408,0
DA:410,0
DA:412,0
DA:413,0
DA:415,0
DA:417,0
DA:421,0
DA:431,1
DA:433,0
DA:435,0
DA:436,0
DA:438,0
DA:439,0
DA:443,0
DA:452,1
DA:454,0
DA:456,0
DA:457,0
DA:458,0
DA:459,0
DA:460,0
DA:466,0
DA:468,0
DA:470,0
DA:471,0
DA:473,0
DA:476,0
DA:477,0
DA:489,1
DA:491,270
DA:496,0
DA:497,0
DA:498,0
DA:499,0
DA:500,0
DA:506,0
DA:508,0
DA:514,268
DA:528,268
DA:534,0
DA:537,0
DA:539,0
DA:541,0
DA:543,0
DA:545,0
DA:555,0
DA:556,0
DA:591,1
DA:602,1
DA:764,1
DA:765,19
DA:771,1
DA:772,10
DA:783,1
DA:784,3
DA:785,3
DA:786,3
DA:789,0
DA:798,1
DA:801,0
DA:802,0
DA:813,0
DA:814,0
DA:817,0
DA:821,0
DA:822,0
DA:825,0
DA:826,0
DA:834,0
DA:844,1
DA:845,0
DA:854,1
DA:855,0
DA:857,0
DA:860,0
DA:861,0
DA:862,0
DA:863,0
DA:865,0
DA:868,0
DA:869,0
DA:885,1
DA:886,271
DA:892,271
DA:893,0
DA:897,271
DA:898,0
DA:903,271
DA:904,268
DA:908,268
DA:909,0
DA:914,268
DA:915,0
DA:925,268
DA:932,268
DA:933,268
DA:934,268
DA:935,267
DA:938,268
DA:942,271
DA:951,1
DA:952,0
DA:954,0
DA:955,0
DA:958,0
DA:959,0
DA:962,0
DA:963,0
DA:966,0
DA:967,0
DA:970,0
DA:979,1
DA:980,0
DA:981,0
DA:982,0
DA:985,0
DA:994,1
DA:995,0
DA:996,0
DA:997,0
DA:1000,0
DA:1013,1
DA:1016,0
DA:1017,0
DA:1020,0
DA:1021,0
DA:1022,0
DA:1034,1
DA:1035,0
DA:1042,0
DA:1043,0
DA:1044,0
DA:1049,0
DA:1056,0
DA:1066,0
DA:1067,0
DA:1070,0
DA:1073,0
DA:1074,0
DA:1075,0
DA:1080,0
DA:1081,0
DA:1106,0
DA:1107,0
DA:1108,0
DA:1111,0
DA:1120,1
DA:1124,0
DA:1125,0
DA:1128,0
DA:1131,0
DA:1132,0
DA:1136,0
DA:1137,0
DA:1138,0
DA:1141,0
DA:1150,1
DA:1151,272
DA:1162,1
DA:1163,0
DA:1164,0
DA:1173,1
DA:1174,272
DA:1175,1
DA:1176,1
DA:1180,51
DA:1181,10
DA:1184,41
DA:1185,41
DA:1189,272
DA:1199,1
DA:1203,272
DA:1204,272
DA:1209,272
DA:1210,0
DA:1213,272
DA:1225,1
DA:1229,1
DA:1238,1
DA:1239,1
DA:1240,0
DA:1241,0
DA:1242,0
DA:1253,1
DA:1254,0
DA:1259,0
DA:1260,0
DA:1265,0
DA:1277,1
DA:1278,2
DA:1279,2
DA:1280,2
DA:1290,1
DA:1291,272
DA:1292,0
DA:1295,272
DA:1305,1
DA:1306,272
DA:1313,272
DA:1315,272
DA:1316,272
DA:1319,272
DA:1320,0
DA:1326,272
DA:1327,0
DA:1328,0
DA:1332,272
DA:1333,0
DA:1339,272
DA:1341,272
DA:1358,1
DA:1361,272
DA:1364,272
DA:1366,272
DA:1371,272
DA:1372,1
DA:1373,1
DA:1376,271
DA:1380,271
DA:1383,271
DA:1391,271
DA:1409,1
DA:1410,270
DA:1411,270
DA:1416,1
DA:1417,1
DA:1418,1
DA:1420,1
DA:1437,270
DA:1438,270
DA:1439,270
DA:1460,0
DA:1471,0
DA:1472,0
DA:1474,0
DA:1485,0
DA:1486,0
DA:1487,0
DA:1500,0
DA:1501,0
DA:1505,0
DA:1515,1
DA:1518,1
DA:1519,0
LF:373
LH:177
BRDA:73,1,0,0
BRDA:73,1,1,0
BRDA:77,2,0,0
BRDA:77,2,1,0
BRDA:100,3,0,0
BRDA:100,3,1,135
BRDA:101,4,0,0
BRDA:101,4,1,0
BRDA:101,5,0,0
BRDA:101,5,1,0
BRDA:108,6,0,135
BRDA:108,6,1,135
BRDA:129,7,0,0
BRDA:129,7,1,270
BRDA:204,8,0,0
BRDA:204,8,1,0
BRDA:204,9,0,0
BRDA:204,9,1,0
BRDA:210,10,0,0
BRDA:210,10,1,0
BRDA:210,11,0,0
BRDA:210,11,1,0
BRDA:224,12,0,268
BRDA:224,12,1,0
BRDA:231,13,0,1
BRDA:231,13,1,267
BRDA:231,14,0,268
BRDA:231,14,1,267
BRDA:249,15,0,0
BRDA:249,15,1,0
BRDA:249,16,0,0
BRDA:249,16,1,0
BRDA:266,17,0,0
BRDA:266,17,1,0
BRDA:278,18,0,0
BRDA:278,18,1,0
BRDA:305,19,0,2
BRDA:305,19,1,268
BRDA:315,20,0,0
BRDA:315,20,1,270
BRDA:319,21,0,0
BRDA:319,21,1,270
BRDA:326,22,0,270
BRDA:326,22,1,0
BRDA:334,23,0,270
BRDA:334,23,1,0
BRDA:340,24,0,270
BRDA:340,24,1,0
BRDA:349,25,0,0
BRDA:349,25,1,0
BRDA:357,26,0,0
BRDA:357,26,1,0
BRDA:361,27,0,0
BRDA:361,27,1,0
BRDA:366,28,0,0
BRDA:366,28,1,0
BRDA:373,29,0,0
BRDA:373,29,1,0
BRDA:379,30,0,0
BRDA:379,30,1,270
BRDA:397,31,0,0
BRDA:397,31,1,0
BRDA:401,32,0,0
BRDA:401,32,1,0
BRDA:404,33,0,0
BRDA:404,33,1,0
BRDA:410,34,0,0
BRDA:410,34,1,0
BRDA:412,35,0,0
BRDA:412,35,1,0
BRDA:438,36,0,0
BRDA:438,36,1,0
BRDA:470,37,0,0
BRDA:470,37,1,0
BRDA:496,38,0,0
BRDA:496,38,1,0
BRDA:541,39,0,0
BRDA:541,39,1,0
BRDA:697,40,0,1
BRDA:697,40,1,0
BRDA:784,41,0,3
BRDA:784,41,1,0
BRDA:801,42,0,0
BRDA:801,42,1,0
BRDA:813,43,0,0
BRDA:813,43,1,0
BRDA:821,44,0,0
BRDA:821,44,1,0
BRDA:825,45,0,0
BRDA:825,45,1,0
BRDA:855,46,0,0
BRDA:855,46,1,0
BRDA:861,47,0,0
BRDA:861,47,1,0
BRDA:868,48,0,0
BRDA:868,48,1,0
BRDA:892,49,0,0
BRDA:892,49,1,271
BRDA:897,50,0,0
BRDA:897,50,1,271
BRDA:897,51,0,271
BRDA:897,51,1,0
BRDA:908,52,0,0
BRDA:908,52,1,268
BRDA:908,53,0,268
BRDA:908,53,1,267
BRDA:908,53,2,0
BRDA:914,54,0,0
BRDA:914,54,1,268
BRDA:925,55,0,268
BRDA:925,55,1,0
BRDA:925,56,0,268
BRDA:925,56,1,268
BRDA:925,56,2,268
BRDA:925,56,3,0
BRDA:932,57,0,268
BRDA:932,57,1,267
BRDA:933,58,0,268
BRDA:933,58,1,1
BRDA:933,58,2,1
BRDA:934,59,0,267
BRDA:934,59,1,1
BRDA:934,60,0,268
BRDA:934,60,1,1
BRDA:954,61,0,0
BRDA:954,61,1,0
BRDA:958,62,0,0
BRDA:958,62,1,0
BRDA:962,63,0,0
BRDA:962,63,1,0
BRDA:966,64,0,0
BRDA:966,64,1,0
BRDA:980,65,0,0
BRDA:980,65,1,0
BRDA:995,66,0,0
BRDA:995,66,1,0
BRDA:1016,67,0,0
BRDA:1016,67,1,0
BRDA:1016,68,0,0
BRDA:1016,68,1,0
BRDA:1020,69,0,0
BRDA:1020,69,1,0
BRDA:1043,70,0,0
BRDA:1043,70,1,0
BRDA:1056,71,0,0
BRDA:1056,71,1,0
BRDA:1066,72,0,0
BRDA:1066,72,1,0
BRDA:1080,73,0,0
BRDA:1080,73,1,0
BRDA:1106,74,0,0
BRDA:1106,74,1,0
BRDA:1107,75,0,0
BRDA:1107,75,1,0
BRDA:1107,76,0,0
BRDA:1107,76,1,0
BRDA:1107,76,2,0
BRDA:1111,77,0,0
BRDA:1111,77,1,0
BRDA:1124,78,0,0
BRDA:1124,78,1,0
BRDA:1131,79,0,0
BRDA:1131,79,1,0
BRDA:1136,80,0,0
BRDA:1136,80,1,0
BRDA:1136,81,0,0
BRDA:1136,81,1,0
BRDA:1151,82,0,272
BRDA:1151,82,1,272
BRDA:1151,82,2,272
BRDA:1151,82,3,272
BRDA:1174,83,0,1
BRDA:1174,83,1,271
BRDA:1180,84,0,10
BRDA:1180,84,1,41
BRDA:1180,85,0,51
BRDA:1180,85,1,30
BRDA:1184,86,0,41
BRDA:1184,86,1,0
BRDA:1203,87,0,272
BRDA:1203,87,1,0
BRDA:1204,88,0,1
BRDA:1204,88,1,271
BRDA:1209,89,0,0
BRDA:1209,89,1,272
BRDA:1209,90,0,272
BRDA:1209,90,1,271
BRDA:1259,91,0,0
BRDA:1259,91,1,0
BRDA:1279,92,0,1
BRDA:1279,92,1,1
BRDA:1279,93,0,1
BRDA:1279,93,1,1
BRDA:1291,94,0,0
BRDA:1291,94,1,272
BRDA:1319,95,0,0
BRDA:1319,95,1,272
BRDA:1326,96,0,0
BRDA:1326,96,1,272
BRDA:1326,97,0,272
BRDA:1326,97,1,0
BRDA:1326,97,2,0
BRDA:1332,98,0,0
BRDA:1332,98,1,272
BRDA:1371,99,0,1
BRDA:1371,99,1,271
BRDA:1380,100,0,271
BRDA:1380,100,1,3
BRDA:1391,101,0,2
BRDA:1391,101,1,269
BRDA:1437,102,0,0
BRDA:1437,102,1,270
BRDA:1471,103,0,0
BRDA:1471,103,1,0
BRDA:1500,104,0,0
BRDA:1500,104,1,0
BRDA:1505,105,0,0
BRDA:1505,105,1,0
BRDA:1505,105,2,0
BRDA:1505,105,3,0
BRDA:1518,106,0,0
BRDA:1518,106,1,1
BRDA:1518,107,0,1
BRDA:1518,107,1,0
BRF:224
BRH:74
end_of_record
TN:
SF:./public/modules/angular-hotkeys/angular-hotkeys.client.module.js
FNF:0
FNH:0
DA:4,1
LF:1
LH:1
BRF:0
BRH:0
end_of_record
TN:
SF:./public/modules/core/core.client.module.js
FNF:0
FNH:0
DA:4,1
LF:1
LH:1
BRF:0
BRH:0
end_of_record
TN:
SF:./public/modules/core/config/core.client.missing-keys.js
FN:4,(anonymous_1)
FNF:1
FNH:0
FNDA:0,(anonymous_1)
DA:3,1
DA:5,0
DA:6,0
DA:7,0
DA:8,0
DA:9,0
DA:10,0
DA:11,0
DA:12,0
DA:13,0
DA:14,0
DA:15,0
DA:16,0
DA:17,0
DA:18,0
DA:19,0
DA:20,0
DA:21,0
DA:22,0
DA:23,0
DA:24,0
DA:25,0
DA:26,0
DA:27,0
DA:28,0
DA:29,0
DA:30,0
DA:31,0
DA:32,0
DA:33,0
DA:34,0
DA:35,0
DA:36,0
DA:37,0
DA:38,0
DA:39,0
DA:40,0
DA:41,0
DA:42,0
DA:43,0
DA:44,0
DA:45,0
DA:46,0
DA:47,0
DA:48,0
DA:49,0
DA:50,0
DA:51,0
DA:52,0
DA:53,0
DA:54,0
DA:55,0
DA:56,0
DA:57,0
DA:58,0
DA:59,0
DA:60,0
DA:61,0
DA:62,0
DA:63,0
DA:64,0
DA:65,0
DA:66,0
DA:67,0
DA:68,0
DA:69,0
DA:70,0
DA:71,0
DA:72,0
DA:73,0
DA:74,0
DA:75,0
DA:76,0
DA:77,0
DA:78,0
DA:79,0
DA:80,0
DA:81,0
DA:82,0
DA:83,0
DA:84,0
DA:85,0
DA:86,0
DA:87,0
DA:88,0
DA:89,0
DA:90,0
DA:91,0
DA:92,0
DA:93,0
DA:94,0
DA:95,0
DA:96,0
DA:97,0
DA:98,0
DA:99,0
DA:100,0
DA:101,0
DA:102,0
DA:103,0
DA:104,0
DA:105,0
DA:106,0
DA:107,0
DA:108,0
DA:109,0
DA:110,0
DA:111,0
DA:112,0
DA:113,0
DA:114,0
DA:115,0
DA:116,0
DA:117,0
DA:118,0
DA:119,0
DA:120,0
DA:121,0
DA:122,0
DA:123,0
DA:124,0
DA:125,0
DA:126,0
DA:127,0
DA:128,0
DA:129,0
DA:130,0
DA:131,0
DA:132,0
DA:133,0
DA:134,0
DA:135,0
DA:136,0
DA:137,0
DA:138,0
DA:139,0
DA:140,0
DA:141,0
DA:142,0
DA:143,0
DA:144,0
DA:145,0
DA:146,0
DA:147,0
DA:148,0
DA:149,0
DA:150,0
DA:151,0
DA:152,0
DA:153,0
DA:154,0
DA:155,0
DA:156,0
DA:157,0
DA:158,0
DA:159,0
DA:160,0
DA:161,0
DA:162,0
DA:163,0
DA:164,0
DA:165,0
DA:166,0
DA:167,0
DA:168,0
DA:169,0
DA:170,0
DA:171,0
DA:172,0
DA:173,0
DA:174,0
DA:175,0
DA:176,0
DA:177,0
DA:178,0
DA:179,0
DA:180,0
DA:181,0
DA:182,0
DA:183,0
DA:184,0
DA:185,0
DA:186,0
DA:187,0
DA:188,0
DA:189,0
DA:190,0
DA:191,0
DA:192,0
DA:193,0
DA:194,0
DA:195,0
DA:196,0
DA:197,0
DA:198,0
DA:199,0
DA:200,0
DA:201,0
DA:202,0
DA:203,0
DA:204,0
DA:205,0
DA:206,0
DA:207,0
DA:208,0
DA:209,0
DA:210,0
DA:211,0
DA:212,0
DA:213,0
DA:214,0
DA:215,0
DA:216,0
DA:217,0
DA:218,0
DA:219,0
DA:220,0
DA:221,0
DA:222,0
DA:223,0
DA:224,0
DA:225,0
DA:226,0
DA:227,0
DA:228,0
DA:229,0
DA:230,0
DA:231,0
DA:232,0
DA:233,0
DA:234,0
DA:235,0
DA:236,0
DA:237,0
DA:238,0
DA:239,0
DA:240,0
DA:241,0
DA:242,0
DA:243,0
DA:244,0
DA:245,0
DA:246,0
DA:247,0
DA:248,0
DA:249,0
DA:250,0
DA:251,0
DA:252,0
DA:253,0
DA:254,0
DA:255,0
DA:256,0
DA:257,0
DA:258,0
DA:259,0
DA:260,0
DA:261,0
DA:262,0
DA:263,0
DA:264,0
DA:265,0
DA:266,0
DA:267,0
DA:268,0
DA:269,0
DA:270,0
DA:271,0
DA:272,0
DA:273,0
DA:274,0
DA:275,0
DA:276,0
DA:277,0
DA:278,0
DA:279,0
DA:280,0
DA:281,0
DA:282,0
DA:283,0
DA:284,0
DA:285,0
DA:286,0
DA:287,0
DA:288,0
DA:289,0
DA:290,0
DA:291,0
DA:292,0
DA:293,0
DA:294,0
DA:295,0
DA:296,0
DA:297,0
DA:298,0
DA:299,0
DA:300,0
DA:301,0
DA:302,0
DA:303,0
DA:304,0
DA:305,0
DA:306,0
DA:307,0
DA:308,0
DA:309,0
DA:310,0
DA:311,0
DA:312,0
DA:313,0
DA:314,0
DA:315,0
DA:316,0
DA:317,0
DA:318,0
DA:319,0
DA:320,0
DA:321,0
DA:322,0
DA:323,0
DA:324,0
DA:325,0
DA:326,0
DA:327,0
DA:328,0
DA:329,0
DA:330,0
DA:331,0
DA:332,0
DA:333,0
DA:334,0
DA:335,0
DA:336,0
DA:337,0
DA:338,0
DA:339,0
DA:340,0
DA:341,0
DA:342,0
DA:343,0
DA:344,0
DA:345,0
DA:346,0
DA:347,0
DA:348,0
DA:349,0
DA:350,0
DA:351,0
DA:352,0
DA:353,0
DA:354,0
DA:355,0
DA:356,0
DA:357,0
DA:358,0
DA:359,0
DA:360,0
DA:361,0
DA:362,0
DA:363,0
DA:364,0
DA:365,0
DA:366,0
DA:367,0
DA:368,0
DA:369,0
DA:370,0
DA:371,0
DA:372,0
DA:373,0
DA:374,0
DA:375,0
DA:376,0
DA:377,0
DA:378,0
DA:379,0
DA:380,0
DA:381,0
DA:382,0
DA:383,0
DA:384,0
DA:385,0
DA:386,0
DA:387,0
DA:388,0
DA:389,0
DA:390,0
DA:391,0
DA:392,0
DA:393,0
DA:394,0
DA:395,0
DA:396,0
DA:397,0
LF:394
LH:1
BRF:0
BRH:0
end_of_record
TN:
SF:./public/modules/core/config/core.client.routes.js
FN:5,(anonymous_1)
FNF:1
FNH:1
FNDA:268,(anonymous_1)
DA:4,1
DA:7,268
DA:10,268
LF:3
LH:3
BRF:0
BRH:0
end_of_record
TN:
SF:./public/modules/core/controllers/demographics.client.controller.js
FN:4,(anonymous_1)
FN:18,(anonymous_2)
FN:22,(anonymous_3)
FN:26,(anonymous_4)
FNF:4
FNH:4
FNDA:7,(anonymous_1)
FNDA:1,(anonymous_2)
FNDA:1,(anonymous_3)
FNDA:1,(anonymous_4)
DA:3,1
DA:7,7
DA:9,7
DA:10,7
DA:11,7
DA:12,777
DA:18,7
DA:19,1
DA:22,7
DA:23,1
DA:26,7
DA:27,1
LF:12
LH:12
BRF:0
BRH:0
end_of_record
TN:
SF:./public/modules/core/controllers/emotion-index.client.controller.js
FN:6,(anonymous_1)
FNF:1
FNH:1
FNDA:2,(anonymous_1)
DA:5,1
DA:7,2
LF:2
LH:2
BRF:0
BRH:0
end_of_record
TN:
SF:./public/modules/core/controllers/home.client.controller.js
FN:4,(anonymous_1)
FN:8,experimentResetSuccessHandler
FN:11,experimentResetErrorHandler
FNF:3
FNH:3
FNDA:5,(anonymous_1)
FNDA:1,experimentResetSuccessHandler
FNDA:2,experimentResetErrorHandler
DA:3,1
DA:7,5
DA:9,1
DA:12,2
DA:13,2
DA:18,5
LF:6
LH:6
BRF:0
BRH:0
end_of_record
TN:
SF:./public/modules/core/controllers/last-screen.client.controller.js
FN:4,(anonymous_1)
FN:5,(anonymous_2)
FN:7,(anonymous_3)
FNF:3
FNH:1
FNDA:2,(anonymous_1)
FNDA:0,(anonymous_2)
FNDA:0,(anonymous_3)
DA:3,1
DA:5,2
DA:6,0
DA:8,0
LF:4
LH:2
BRF:0
BRH:0
end_of_record
TN:
SF:./public/modules/core/controllers/master.client.controller.js
FN:4,(anonymous_1)
FN:12,(anonymous_2)
FN:16,(anonymous_3)
FN:20,(anonymous_4)
FN:25,(anonymous_5)
FN:34,(anonymous_6)
FN:44,(anonymous_7)
FN:75,(anonymous_8)
FN:90,(anonymous_9)
FN:94,(anonymous_10)
FN:102,(anonymous_11)
FN:106,(anonymous_12)
FN:110,(anonymous_13)
FNF:13
FNH:13
FNDA:26,(anonymous_1)
FNDA:1,(anonymous_2)
FNDA:1,(anonymous_3)
FNDA:2,(anonymous_4)
FNDA:29,(anonymous_5)
FNDA:2,(anonymous_6)
FNDA:2,(anonymous_7)
FNDA:7,(anonymous_8)
FNDA:1,(anonymous_9)
FNDA:1,(anonymous_10)
FNDA:1,(anonymous_11)
FNDA:1,(anonymous_12)
FNDA:2,(anonymous_13)
DA:3,1
DA:6,26
DA:12,26
DA:13,1
DA:16,26
DA:17,1
DA:20,26
DA:21,2
DA:25,26
DA:26,29
DA:27,29
DA:32,26
DA:34,26
DA:36,2
DA:39,2
DA:43,26
DA:44,26
DA:45,2
DA:46,2
DA:47,2
DA:48,1
DA:50,1
DA:53,2
DA:57,26
DA:63,26
DA:73,26
DA:75,26
DA:77,7
DA:78,7
DA:79,2
DA:80,1
DA:81,1
DA:85,7
DA:86,6
DA:90,26
DA:91,1
DA:94,26
DA:95,1
DA:101,26
DA:102,26
DA:103,1
DA:106,26
DA:107,1
DA:110,26
DA:111,2
LF:45
LH:45
BRDA:47,1,0,1
BRDA:47,1,1,1
BRDA:79,2,0,1
BRDA:79,2,1,1
BRDA:79,3,0,2
BRDA:79,3,1,1
BRDA:85,4,0,6
BRDA:85,4,1,1
BRF:8
BRH:8
end_of_record
TN:
SF:./public/modules/core/controllers/media-playback.client.controller.js
FN:8,(anonymous_1)
FN:17,(anonymous_2)
FN:44,(anonymous_3)
FN:58,(anonymous_4)
FN:79,(anonymous_5)
FN:80,(anonymous_6)
FN:95,(anonymous_7)
FN:96,(anonymous_8)
FN:108,stopMediaPlayback
FNF:9
FNH:9
FNDA:21,(anonymous_1)
FNDA:2,(anonymous_2)
FNDA:5,(anonymous_3)
FNDA:9,(anonymous_4)
FNDA:3,(anonymous_5)
FNDA:3,(anonymous_6)
FNDA:3,(anonymous_7)
FNDA:3,(anonymous_8)
FNDA:3,stopMediaPlayback
DA:7,1
DA:9,21
DA:12,21
DA:13,21
DA:14,21
DA:17,21
DA:19,2
DA:20,2
DA:22,2
DA:37,2
DA:41,21
DA:44,21
DA:45,5
DA:58,21
DA:61,9
DA:64,6
DA:67,1
DA:70,5
DA:73,5
DA:76,5
DA:79,5
DA:80,3
DA:81,3
DA:82,3
DA:83,3
DA:87,3
DA:88,3
DA:89,3
DA:92,3
DA:95,3
DA:96,3
DA:97,3
DA:104,21
DA:108,21
DA:109,3
DA:118,3
DA:120,3
LF:37
LH:37
BRDA:61,1,0,6
BRDA:61,1,1,3
BRDA:64,2,0,1
BRDA:64,2,1,5
BRDA:70,3,0,5
BRDA:70,3,1,0
BRDA:87,4,0,3
BRDA:87,4,1,0
BRF:8
BRH:6
end_of_record
TN:
SF:./public/modules/core/controllers/musical-background.client.controller.js
FN:4,(anonymous_1)
FN:14,(anonymous_2)
FN:18,(anonymous_3)
FN:22,(anonymous_4)
FN:26,musicalExpertiseChanged
FN:30,(anonymous_6)
FN:43,(anonymous_7)
FNF:7
FNH:0
FNDA:0,(anonymous_1)
FNDA:0,(anonymous_2)
FNDA:0,(anonymous_3)
FNDA:0,(anonymous_4)
FNDA:0,musicalExpertiseChanged
FNDA:0,(anonymous_6)
FNDA:0,(anonymous_7)
DA:3,1
DA:7,0
DA:10,0
DA:14,0
DA:15,0
DA:18,0
DA:19,0
DA:22,0
DA:23,0
DA:26,0
DA:27,0
DA:30,0
DA:31,0
DA:32,0
DA:33,0
DA:34,0
DA:35,0
DA:36,0
DA:40,0
DA:43,0
DA:44,0
LF:21
LH:1
BRDA:33,1,0,0
BRDA:33,1,1,0
BRDA:35,2,0,0
BRDA:35,2,1,0
BRF:4
BRH:0
end_of_record
TN:
SF:./public/modules/core/controllers/questionnaire.client.controller.js
FN:4,(anonymous_1)
FNF:1
FNH:1
FNDA:2,(anonymous_1)
DA:3,1
DA:6,2
LF:2
LH:2
BRF:0
BRH:0
end_of_record
TN:
SF:./public/modules/core/controllers/signal-test.client.controller.js
FN:7,(anonymous_1)
FN:14,(anonymous_2)
FN:23,(anonymous_3)
FN:28,(anonymous_4)
FN:46,(anonymous_5)
FN:64,(anonymous_6)
FN:70,updateEDAQuality
FN:78,updatePOXQuality
FN:86,(anonymous_9)
FN:100,removeOSCMessageReceivedListener
FNF:10
FNH:10
FNDA:22,(anonymous_1)
FNDA:3,(anonymous_2)
FNDA:3,(anonymous_3)
FNDA:23,(anonymous_4)
FNDA:3,(anonymous_5)
FNDA:6,(anonymous_6)
FNDA:2,updateEDAQuality
FNDA:2,updatePOXQuality
FNDA:2,(anonymous_9)
FNDA:2,removeOSCMessageReceivedListener
DA:6,1
DA:10,22
DA:11,22
DA:12,22
DA:14,22
DA:15,3
DA:16,1
DA:18,2
DA:23,22
DA:24,3
DA:28,22
DA:29,23
DA:46,22
DA:47,3
DA:64,22
DA:67,6
DA:70,2
DA:71,2
DA:75,4
DA:78,2
DA:79,2
DA:83,2
DA:86,2
DA:87,2
DA:90,2
DA:95,22
DA:99,22
DA:100,22
DA:101,2
DA:102,2
DA:105,22
LF:31
LH:31
BRDA:15,1,0,1
BRDA:15,1,1,2
BRDA:24,2,0,3
BRDA:24,2,1,2
BRDA:67,3,0,2
BRDA:67,3,1,4
BRDA:75,4,0,2
BRDA:75,4,1,2
BRDA:83,5,0,2
BRDA:83,5,1,0
BRF:10
BRH:9
end_of_record
TN:
SF:./public/modules/core/controllers/sound-test.client.controller.js
FN:4,(anonymous_1)
FN:23,(anonymous_2)
FN:43,(anonymous_3)
FNF:3
FNH:3
FNDA:3,(anonymous_1)
FNDA:1,(anonymous_2)
FNDA:1,(anonymous_3)
DA:3,1
DA:7,3
DA:23,3
DA:24,1
DA:40,3
DA:43,3
DA:44,1
LF:7
LH:7
BRF:0
BRH:0
end_of_record
TN:
SF:./public/modules/core/controllers/start.client.controller.js
FN:4,(anonymous_1)
FN:7,(anonymous_2)
FN:16,(anonymous_3)
FN:18,(anonymous_4)
FN:30,removeOSCMessageReceivedListener
FN:35,(anonymous_6)
FN:50,(anonymous_7)
FN:51,(anonymous_8)
FNF:8
FNH:8
FNDA:12,(anonymous_1)
FNDA:2,(anonymous_2)
FNDA:1,(anonymous_3)
FNDA:1,(anonymous_4)
FNDA:2,removeOSCMessageReceivedListener
FNDA:14,(anonymous_6)
FNDA:2,(anonymous_7)
FNDA:2,(anonymous_8)
DA:3,1
DA:7,12
DA:8,2
DA:12,12
DA:13,12
DA:16,12
DA:17,1
DA:18,1
DA:19,1
DA:25,12
DA:29,12
DA:30,12
DA:31,2
DA:32,2
DA:35,12
DA:37,14
DA:38,14
DA:48,12
DA:50,12
DA:51,12
DA:52,2
DA:53,0
DA:54,0
LF:23
LH:21
BRDA:8,1,0,2
BRDA:8,1,1,1
BRDA:17,2,0,1
BRDA:17,2,1,0
BRDA:52,3,0,0
BRDA:52,3,1,2
BRF:6
BRH:4
end_of_record
TN:
SF:./public/modules/core/directives/checkbox-question.client.directive.js
FN:3,(anonymous_1)
FN:9,(anonymous_2)
FN:12,(anonymous_3)
FN:20,(anonymous_4)
FNF:4
FNH:4
FNDA:22,(anonymous_1)
FNDA:23,(anonymous_2)
FNDA:4,(anonymous_3)
FNDA:3,(anonymous_4)
DA:3,1
DA:5,22
DA:10,23
DA:12,23
DA:13,4
DA:14,3
DA:16,1
DA:20,23
DA:21,3
DA:23,3
DA:24,3
DA:25,3
DA:26,9
DA:27,9
DA:28,9
DA:29,5
DA:30,5
DA:35,3
DA:37,3
DA:38,3
DA:41,23
DA:43,23
DA:45,23
DA:48,12
DA:50,37
DA:52,37
DA:54,37
DA:56,37
DA:57,7
DA:60,37
DA:62,37
DA:66,23
DA:68,23
DA:70,23
DA:71,23
LF:35
LH:35
BRDA:13,1,0,3
BRDA:13,1,1,1
BRDA:27,2,0,9
BRDA:27,2,1,0
BRDA:28,3,0,5
BRDA:28,3,1,4
BRDA:45,4,0,12
BRDA:45,4,1,11
BRDA:56,5,0,7
BRDA:56,5,1,30
BRF:10
BRH:9
end_of_record
TN:
SF:./public/modules/core/directives/display-trial-data.client.directive.js
FN:4,(anonymous_1)
FNF:1
FNH:1
FNDA:4,(anonymous_1)
DA:4,1
DA:5,4
LF:2
LH:2
BRF:0
BRH:0
end_of_record
TN:
SF:./public/modules/core/directives/dropdown-question.client.directive.js
FN:3,(anonymous_1)
FN:9,(anonymous_2)
FN:11,(anonymous_3)
FN:21,(anonymous_4)
FNF:4
FNH:4
FNDA:17,(anonymous_1)
FNDA:19,(anonymous_2)
FNDA:14,(anonymous_3)
FNDA:14,(anonymous_4)
DA:3,1
DA:5,17
DA:11,19
DA:12,14
DA:13,12
DA:15,2
DA:19,19
DA:21,19
DA:22,14
DA:25,19
DA:26,10
DA:29,19
DA:31,19
DA:32,19
LF:14
LH:14
BRDA:12,1,0,12
BRDA:12,1,1,2
BRDA:25,2,0,10
BRDA:25,2,1,9
BRF:4
BRH:4
end_of_record
TN:
SF:./public/modules/core/directives/questionnaire.client.directive.js
FN:7,(anonymous_1)
FN:9,(anonymous_2)
FN:59,(anonymous_3)
FN:85,(anonymous_4)
FN:111,(anonymous_5)
FN:149,(anonymous_6)
FNF:6
FNH:6
FNDA:49,(anonymous_1)
FNDA:29,(anonymous_2)
FNDA:12,(anonymous_3)
FNDA:9,(anonymous_4)
FNDA:10,(anonymous_5)
FNDA:49,(anonymous_6)
DA:7,1
DA:9,49
DA:10,29
DA:12,29
DA:13,2
DA:16,29
DA:17,2
DA:20,29
DA:21,1
DA:24,29
DA:25,2
DA:28,29
DA:29,2
DA:32,29
DA:33,2
DA:36,29
DA:37,2
DA:40,29
DA:41,2
DA:44,29
DA:45,3
DA:48,29
DA:49,2
DA:52,29
DA:53,1
DA:56,29
DA:59,49
DA:60,12
DA:62,12
DA:63,1
DA:66,12
DA:67,1
DA:70,12
DA:71,1
DA:74,12
DA:75,1
DA:78,12
DA:79,1
DA:82,12
DA:85,49
DA:86,9
DA:88,9
DA:89,1
DA:92,9
DA:93,1
DA:96,9
DA:97,1
DA:100,9
DA:101,1
DA:104,9
DA:105,1
DA:108,9
DA:111,49
DA:112,10
DA:114,10
DA:115,1
DA:118,10
DA:119,1
DA:122,10
DA:123,1
DA:126,10
DA:127,1
DA:130,10
DA:131,1
DA:135,10
DA:136,9
DA:139,10
DA:142,49
DA:151,49
DA:154,49
DA:155,2
DA:156,2
DA:160,49
DA:161,1
DA:162,1
DA:165,49
DA:166,49
DA:169,49
DA:172,61
DA:173,61
DA:175,61
DA:177,29
DA:178,29
DA:180,12
DA:181,12
DA:183,9
DA:184,9
DA:186,10
DA:187,10
DA:191,61
DA:193,61
DA:195,61
DA:198,49
LF:93
LH:93
BRDA:12,1,0,2
BRDA:12,1,1,27
BRDA:16,2,0,2
BRDA:16,2,1,27
BRDA:20,3,0,1
BRDA:20,3,1,28
BRDA:24,4,0,2
BRDA:24,4,1,27
BRDA:28,5,0,2
BRDA:28,5,1,27
BRDA:32,6,0,2
BRDA:32,6,1,27
BRDA:36,7,0,2
BRDA:36,7,1,27
BRDA:40,8,0,2
BRDA:40,8,1,27
BRDA:44,9,0,3
BRDA:44,9,1,26
BRDA:48,10,0,2
BRDA:48,10,1,27
BRDA:52,11,0,1
BRDA:52,11,1,28
BRDA:62,12,0,1
BRDA:62,12,1,11
BRDA:66,13,0,1
BRDA:66,13,1,11
BRDA:70,14,0,1
BRDA:70,14,1,11
BRDA:74,15,0,1
BRDA:74,15,1,11
BRDA:78,16,0,1
BRDA:78,16,1,11
BRDA:88,17,0,1
BRDA:88,17,1,8
BRDA:92,18,0,1
BRDA:92,18,1,8
BRDA:96,19,0,1
BRDA:96,19,1,8
BRDA:100,20,0,1
BRDA:100,20,1,8
BRDA:104,21,0,1
BRDA:104,21,1,8
BRDA:114,22,0,1
BRDA:114,22,1,9
BRDA:118,23,0,1
BRDA:118,23,1,9
BRDA:122,24,0,1
BRDA:122,24,1,9
BRDA:126,25,0,1
BRDA:126,25,1,9
BRDA:130,26,0,1
BRDA:130,26,1,9
BRDA:135,27,0,9
BRDA:135,27,1,1
BRDA:135,28,0,10
BRDA:135,28,1,2
BRDA:154,29,0,2
BRDA:154,29,1,47
BRDA:160,30,0,1
BRDA:160,30,1,48
BRDA:175,31,0,29
BRDA:175,31,1,12
BRDA:175,31,2,9
BRDA:175,31,3,10
BRF:64
BRH:64
end_of_record
TN:
SF:./public/modules/core/directives/radio-question.client.directive.js
FN:3,(anonymous_1)
FN:9,(anonymous_2)
FN:11,(anonymous_3)
FN:21,(anonymous_4)
FNF:4
FNH:4
FNDA:25,(anonymous_1)
FNDA:26,(anonymous_2)
FNDA:7,(anonymous_3)
FNDA:7,(anonymous_4)
DA:3,1
DA:5,25
DA:11,26
DA:12,7
DA:13,6
DA:15,1
DA:19,26
DA:21,26
DA:24,7
DA:25,1
DA:26,6
DA:27,1
DA:30,7
DA:33,26
DA:35,26
DA:37,26
DA:40,12
DA:42,24
DA:44,24
DA:48,26
DA:50,26
DA:53,26
DA:55,26
DA:56,26
LF:24
LH:24
BRDA:12,1,0,6
BRDA:12,1,1,1
BRDA:24,2,0,1
BRDA:24,2,1,6
BRDA:26,3,0,1
BRDA:26,3,1,5
BRDA:37,4,0,12
BRDA:37,4,1,14
BRF:8
BRH:8
end_of_record
TN:
SF:./public/modules/core/directives/scale-question.client.directive.js
FN:3,(anonymous_1)
FN:5,(anonymous_2)
FN:65,(anonymous_3)
FN:67,(anonymous_4)
FN:77,(anonymous_5)
FNF:5
FNH:5
FNDA:60,(anonymous_1)
FNDA:63,(anonymous_2)
FNDA:63,(anonymous_3)
FNDA:7,(anonymous_4)
FNDA:7,(anonymous_5)
DA:3,1
DA:5,60
DA:6,63
DA:7,63
DA:10,31
DA:11,31
DA:12,31
DA:15,31
DA:16,31
DA:18,31
DA:19,31
DA:21,31
DA:22,31
DA:23,31
DA:25,31
DA:26,31
DA:29,31
DA:30,31
DA:31,31
DA:32,31
DA:33,31
DA:34,31
DA:36,31
DA:37,31
DA:38,31
DA:39,31
DA:42,31
DA:43,31
DA:48,31
DA:51,31
DA:58,63
DA:61,60
DA:67,63
DA:68,7
DA:69,6
DA:71,1
DA:75,63
DA:77,63
DA:78,7
DA:81,63
DA:82,63
DA:83,2
DA:85,61
DA:88,63
DA:89,63
DA:90,30
DA:91,33
DA:92,2
DA:95,63
DA:96,63
DA:97,3
DA:99,3
DA:101,3
DA:103,3
DA:105,3
DA:107,3
DA:108,15
DA:109,15
DA:112,3
DA:114,3
DA:116,3
DA:119,63
DA:121,63
DA:122,315
DA:125,63
DA:128,63
DA:131,63
DA:133,63
DA:142,63
DA:143,63
LF:70
LH:70
BRDA:7,1,0,31
BRDA:7,1,1,32
BRDA:7,2,0,63
BRDA:7,2,1,33
BRDA:68,3,0,6
BRDA:68,3,1,1
BRDA:82,4,0,2
BRDA:82,4,1,61
BRDA:89,5,0,30
BRDA:89,5,1,33
BRDA:91,6,0,2
BRDA:91,6,1,31
BRDA:91,7,0,33
BRDA:91,7,1,4
BRDA:96,8,0,3
BRDA:96,8,1,60
BRDA:96,9,0,63
BRDA:96,9,1,3
BRF:18
BRH:18
end_of_record
TN:
SF:./public/modules/core/directives/slider-scale.client.directive.js
FN:3,(anonymous_1)
FN:9,(anonymous_2)
FN:18,(anonymous_3)
FNF:3
FNH:0
FNDA:0,(anonymous_1)
FNDA:0,(anonymous_2)
FNDA:0,(anonymous_3)
DA:3,1
DA:4,0
DA:12,0
DA:13,0
DA:15,0
DA:18,0
DA:19,0
DA:20,0
DA:22,0
DA:26,0
DA:27,0
DA:29,0
DA:30,0
DA:32,0
DA:33,0
DA:35,0
DA:36,0
DA:39,0
DA:40,0
DA:43,0
LF:20
LH:1
BRDA:12,1,0,0
BRDA:12,1,1,0
BRDA:12,2,0,0
BRDA:12,2,1,0
BRDA:19,3,0,0
BRDA:19,3,1,0
BRDA:27,4,0,0
BRDA:27,4,1,0
BRDA:27,4,2,0
BRF:9
BRH:0
end_of_record
TN:
SF:./public/modules/core/services/experiment-manager.client.service.js
FN:5,(anonymous_1)
FN:9,(anonymous_2)
FN:19,(anonymous_3)
FN:31,(anonymous_4)
FN:37,(anonymous_5)
FNF:5
FNH:5
FNDA:76,(anonymous_1)
FNDA:5,(anonymous_2)
FNDA:9,(anonymous_3)
FNDA:3,(anonymous_4)
FNDA:1,(anonymous_5)
DA:4,1
DA:7,76
DA:10,5
DA:12,5
DA:13,2
DA:15,3
DA:20,9
DA:23,9
DA:27,9
DA:30,9
DA:33,3
DA:34,3
DA:35,3
DA:38,1
DA:41,9
LF:15
LH:15
BRDA:12,1,0,2
BRDA:12,1,1,3
BRF:2
BRH:2
end_of_record
TN:
SF:./public/modules/core/services/socketio.client.service.js
FN:5,(anonymous_1)
FNF:1
FNH:1
FNDA:62,(anonymous_1)
DA:4,1
DA:6,62
LF:2
LH:2
BRF:0
BRH:0
end_of_record
TN:
SF:./public/modules/core/services/trial-data.client.service.js
FN:8,(anonymous_1)
FN:10,BlankDataObject
FN:57,(anonymous_3)
FN:61,(anonymous_4)
FN:66,(anonymous_5)
FN:116,(anonymous_6)
FNF:6
FNH:6
FNDA:214,(anonymous_1)
FNDA:215,BlankDataObject
FNDA:1,(anonymous_3)
FNDA:1,(anonymous_4)
FNDA:36,(anonymous_5)
FNDA:6,(anonymous_6)
DA:7,1
DA:10,1
DA:11,215
DA:54,214
DA:58,1
DA:62,1
DA:68,36
DA:69,1
DA:70,35
DA:71,1
DA:74,36
DA:75,36
DA:76,3
DA:80,36
DA:81,5
DA:84,36
DA:85,19
DA:86,19
DA:87,19
DA:88,19
DA:89,44
DA:90,44
DA:91,44
DA:94,19
DA:96,12
DA:97,2
DA:102,12
DA:103,14
DA:104,1
DA:108,12
DA:110,7
DA:118,6
DA:121,6
DA:122,4
DA:124,2
DA:127,6
DA:131,214
DA:133,214
LF:38
LH:38
BRDA:68,1,0,1
BRDA:68,1,1,35
BRDA:70,2,0,1
BRDA:70,2,1,34
BRDA:75,3,0,3
BRDA:75,3,1,33
BRDA:75,4,0,36
BRDA:75,4,1,8
BRDA:80,5,0,5
BRDA:80,5,1,31
BRDA:84,6,0,19
BRDA:84,6,1,17
BRDA:84,7,0,36
BRDA:84,7,1,20
BRDA:90,8,0,2
BRDA:90,8,1,42
BRDA:94,9,0,12
BRDA:94,9,1,7
BRDA:94,10,0,19
BRDA:94,10,1,12
BRDA:94,10,2,12
BRDA:96,11,0,2
BRDA:96,11,1,10
BRDA:103,12,0,1
BRDA:103,12,1,13
BRDA:121,13,0,4
BRDA:121,13,1,2
BRF:27
BRH:27
end_of_record
TN:
SF:./public/modules/core/tests/checkbox-question.client.directive.test.js
FN:3,(anonymous_1)
FN:4,(anonymous_2)
FN:12,(anonymous_3)
FN:18,(anonymous_4)
FN:29,(anonymous_5)
FN:43,(anonymous_6)
FN:44,(anonymous_7)
FN:61,(anonymous_8)
FN:79,(anonymous_9)
FN:92,(anonymous_10)
FN:105,(anonymous_11)
FN:118,(anonymous_12)
FN:132,(anonymous_13)
FN:133,(anonymous_14)
FN:154,(anonymous_15)
FN:173,(anonymous_16)
FN:193,(anonymous_17)
FN:194,(anonymous_18)
FN:210,(anonymous_19)
FNF:19
FNH:19
FNDA:1,(anonymous_1)
FNDA:1,(anonymous_2)
FNDA:13,(anonymous_3)
FNDA:1,(anonymous_4)
FNDA:1,(anonymous_5)
FNDA:1,(anonymous_6)
FNDA:1,(anonymous_7)
FNDA:1,(anonymous_8)
FNDA:1,(anonymous_9)
FNDA:1,(anonymous_10)
FNDA:1,(anonymous_11)
FNDA:1,(anonymous_12)
FNDA:1,(anonymous_13)
FNDA:1,(anonymous_14)
FNDA:1,(anonymous_15)
FNDA:1,(anonymous_16)
FNDA:1,(anonymous_17)
FNDA:1,(anonymous_18)
FNDA:1,(anonymous_19)
DA:3,1
DA:4,1
DA:7,1
DA:10,1
DA:12,1
DA:13,13
DA:14,13
DA:15,13
DA:18,1
DA:19,1
DA:20,1
DA:21,1
DA:22,1
DA:25,1
DA:26,1
DA:29,1
DA:30,1
DA:31,1
DA:33,1
DA:34,1
DA:35,1
DA:37,1
DA:38,1
DA:39,1
DA:40,1
DA:43,1
DA:44,1
DA:45,1
DA:46,1
DA:47,1
DA:48,1
DA:50,1
DA:51,1
DA:52,1
DA:53,3
DA:54,3
DA:55,3
DA:56,3
DA:57,3
DA:61,1
DA:62,1
DA:63,1
DA:64,1
DA:65,1
DA:66,1
DA:68,1
DA:69,1
DA:70,3
DA:71,3
DA:73,3
DA:74,3
DA:75,3
DA:79,1
DA:80,1
DA:81,1
DA:82,1
DA:83,1
DA:85,1
DA:86,1
DA:87,3
DA:88,3
DA:92,1
DA:93,1
DA:94,1
DA:95,1
DA:96,1
DA:98,1
DA:99,1
DA:100,3
DA:101,3
DA:105,1
DA:106,1
DA:107,1
DA:108,1
DA:109,1
DA:111,1
DA:112,1
DA:113,3
DA:114,3
DA:118,1
DA:119,1
DA:120,1
DA:121,1
DA:122,1
DA:124,1
DA:125,1
DA:126,3
DA:127,3
DA:132,1
DA:133,1
DA:134,1
DA:135,1
DA:136,1
DA:137,1
DA:139,1
DA:140,1
DA:141,1
DA:143,1
DA:145,1
DA:146,1
DA:148,1
DA:150,1
DA:151,1
DA:154,1
DA:155,1
DA:156,1
DA:157,1
DA:158,1
DA:160,1
DA:162,1
DA:163,1
DA:164,1
DA:166,1
DA:168,1
DA:170,1
DA:173,1
DA:174,1
DA:175,1
DA:176,1
DA:177,1
DA:179,1
DA:181,1
DA:182,1
DA:183,1
DA:185,1
DA:187,1
DA:189,1
DA:193,1
DA:194,1
DA:195,1
DA:196,1
DA:197,1
DA:198,1
DA:199,1
DA:201,1
DA:203,1
DA:205,1
DA:206,1
DA:207,1
DA:210,1
DA:211,1
DA:212,1
DA:213,1
DA:214,1
DA:215,1
DA:217,1
DA:218,1
DA:220,1
DA:222,1
DA:223,1
DA:224,1
LF:151
LH:151
BRF:0
BRH:0
end_of_record
TN:
SF:./public/modules/core/tests/demographics.client.controller.test.js
FN:3,(anonymous_1)
FN:4,(anonymous_2)
FN:12,(anonymous_3)
FN:17,(anonymous_4)
FN:18,(anonymous_5)
FN:25,(anonymous_6)
FN:32,(anonymous_7)
FN:39,(anonymous_8)
FN:47,(anonymous_9)
FN:48,(anonymous_10)
FN:57,(anonymous_11)
FN:66,(anonymous_12)
FNF:12
FNH:12
FNDA:1,(anonymous_1)
FNDA:1,(anonymous_2)
FNDA:7,(anonymous_3)
FNDA:1,(anonymous_4)
FNDA:1,(anonymous_5)
FNDA:1,(anonymous_6)
FNDA:1,(anonymous_7)
FNDA:1,(anonymous_8)
FNDA:1,(anonymous_9)
FNDA:1,(anonymous_10)
FNDA:1,(anonymous_11)
FNDA:1,(anonymous_12)
DA:3,1
DA:4,1
DA:7,1
DA:10,1
DA:12,1
DA:13,7
DA:14,7
DA:17,1
DA:18,1
DA:19,1
DA:22,1
DA:25,1
DA:26,1
DA:29,1
DA:32,1
DA:33,1
DA:36,1
DA:39,1
DA:40,1
DA:43,1
DA:47,1
DA:48,1
DA:49,1
DA:50,1
DA:53,1
DA:54,1
DA:57,1
DA:58,1
DA:59,1
DA:62,1
DA:63,1
DA:66,1
DA:67,1
DA:68,1
DA:71,1
DA:72,1
LF:36
LH:36
BRF:0
BRH:0
end_of_record
TN:
SF:./public/modules/core/tests/display-trial-data.client.directive.test.js
FN:3,(anonymous_1)
FN:4,(anonymous_2)
FN:12,(anonymous_3)
FN:18,(anonymous_4)
FN:28,(anonymous_5)
FN:39,(anonymous_6)
FN:49,(anonymous_7)
FN:51,(anonymous_8)
FNF:8
FNH:8
FNDA:1,(anonymous_1)
FNDA:1,(anonymous_2)
FNDA:4,(anonymous_3)
FNDA:1,(anonymous_4)
FNDA:1,(anonymous_5)
FNDA:1,(anonymous_6)
FNDA:1,(anonymous_7)
FNDA:3,(anonymous_8)
DA:3,1
DA:4,1
DA:7,1
DA:10,1
DA:12,1
DA:13,4
DA:14,4
DA:15,4
DA:18,1
DA:19,1
DA:20,1
DA:21,1
DA:22,1
DA:24,1
DA:25,1
DA:28,1
DA:29,1
DA:30,1
DA:31,1
DA:32,1
DA:33,1
DA:35,1
DA:36,1
DA:39,1
DA:40,1
DA:41,1
DA:42,1
DA:43,1
DA:44,1
DA:46,1
DA:49,1
DA:50,1
DA:51,1
DA:52,3
DA:54,1
DA:55,1
DA:57,1
DA:58,1
DA:59,1
DA:61,1
LF:40
LH:40
BRF:0
BRH:0
end_of_record
TN:
SF:./public/modules/core/tests/dropdown-question.client.directive.test.js
FN:3,(anonymous_1)
FN:4,(anonymous_2)
FN:12,(anonymous_3)
FN:18,(anonymous_4)
FN:29,(anonymous_5)
FN:30,(anonymous_6)
FN:40,(anonymous_7)
FN:50,(anonymous_8)
FN:60,(anonymous_9)
FN:70,(anonymous_10)
FN:80,(anonymous_11)
FN:90,(anonymous_12)
FN:101,(anonymous_13)
FN:102,(anonymous_14)
FN:120,(anonymous_15)
FNF:15
FNH:15
FNDA:1,(anonymous_1)
FNDA:1,(anonymous_2)
FNDA:10,(anonymous_3)
FNDA:1,(anonymous_4)
FNDA:1,(anonymous_5)
FNDA:1,(anonymous_6)
FNDA:1,(anonymous_7)
FNDA:1,(anonymous_8)
FNDA:1,(anonymous_9)
FNDA:1,(anonymous_10)
FNDA:1,(anonymous_11)
FNDA:1,(anonymous_12)
FNDA:1,(anonymous_13)
FNDA:1,(anonymous_14)
FNDA:1,(anonymous_15)
DA:3,1
DA:4,1
DA:7,1
DA:10,1
DA:12,1
DA:13,10
DA:14,10
DA:15,10
DA:18,1
DA:19,1
DA:20,1
DA:21,1
DA:22,1
DA:24,1
DA:25,1
DA:26,1
DA:29,1
DA:30,1
DA:31,1
DA:32,1
DA:33,1
DA:34,1
DA:35,1
DA:36,1
DA:37,1
DA:40,1
DA:41,1
DA:42,1
DA:43,1
DA:44,1
DA:45,1
DA:46,1
DA:47,1
DA:50,1
DA:51,1
DA:52,1
DA:53,1
DA:54,1
DA:55,1
DA:56,1
DA:57,1
DA:60,1
DA:61,1
DA:62,1
DA:63,1
DA:64,1
DA:65,1
DA:66,1
DA:67,1
DA:70,1
DA:71,1
DA:72,1
DA:73,1
DA:74,1
DA:75,1
DA:76,1
DA:77,1
DA:80,1
DA:81,1
DA:82,1
DA:83,1
DA:84,1
DA:85,1
DA:86,1
DA:87,1
DA:90,1
DA:91,1
DA:92,1
DA:93,1
DA:94,1
DA:95,1
DA:96,1
DA:97,1
DA:101,1
DA:102,1
DA:103,1
DA:104,1
DA:105,1
DA:106,1
DA:107,1
DA:109,1
DA:111,1
DA:112,1
DA:113,1
DA:115,1
DA:116,1
DA:117,1
DA:120,1
DA:121,1
DA:122,1
DA:123,1
DA:124,1
DA:125,1
DA:127,1
DA:128,1
DA:130,1
DA:131,1
DA:132,1
DA:134,1
DA:135,1
DA:136,1
LF:101
LH:101
BRF:0
BRH:0
end_of_record
TN:
SF:./public/modules/core/tests/emotion-index.client.controller.test.js
FN:3,(anonymous_1)
FN:4,(anonymous_2)
FN:12,(anonymous_3)
FN:17,(anonymous_4)
FN:18,(anonymous_5)
FN:28,(anonymous_6)
FNF:6
FNH:6
FNDA:1,(anonymous_1)
FNDA:1,(anonymous_2)
FNDA:2,(anonymous_3)
FNDA:1,(anonymous_4)
FNDA:1,(anonymous_5)
FNDA:1,(anonymous_6)
DA:3,1
DA:4,1
DA:7,1
DA:10,1
DA:12,1
DA:13,2
DA:14,2
DA:17,1
DA:18,1
DA:19,1
DA:25,1
DA:28,1
DA:29,1
DA:37,1
DA:42,1
LF:15
LH:15
BRF:0
BRH:0
end_of_record
TN:
SF:./public/modules/core/tests/experiment-manager.client.service.test.js
FN:3,(anonymous_1)
FN:4,(anonymous_2)
FN:12,(anonymous_3)
FN:14,(anonymous_4)
FN:37,(anonymous_5)
FN:41,(anonymous_6)
FN:49,(anonymous_7)
FN:50,(anonymous_8)
FN:55,(anonymous_9)
FN:56,(anonymous_10)
FN:60,(anonymous_11)
FN:66,(anonymous_12)
FN:76,(anonymous_13)
FN:86,(anonymous_14)
FN:96,(anonymous_15)
FN:107,(anonymous_16)
FN:108,(anonymous_17)
FN:112,(anonymous_18)
FN:118,(anonymous_19)
FN:125,(anonymous_20)
FN:131,(anonymous_21)
FN:132,(anonymous_22)
FN:140,(anonymous_23)
FN:141,(anonymous_24)
FN:154,(anonymous_25)
FN:167,(anonymous_26)
FN:174,(anonymous_27)
FN:181,(anonymous_28)
FN:182,(anonymous_29)
FN:186,(anonymous_30)
FN:194,(anonymous_31)
FNF:31
FNH:31
FNDA:1,(anonymous_1)
FNDA:1,(anonymous_2)
FNDA:17,(anonymous_3)
FNDA:8,(anonymous_4)
FNDA:17,(anonymous_5)
FNDA:17,(anonymous_6)
FNDA:1,(anonymous_7)
FNDA:1,(anonymous_8)
FNDA:1,(anonymous_9)
FNDA:1,(anonymous_10)
FNDA:1,(anonymous_11)
FNDA:1,(anonymous_12)
FNDA:1,(anonymous_13)
FNDA:1,(anonymous_14)
FNDA:1,(anonymous_15)
FNDA:1,(anonymous_16)
FNDA:1,(anonymous_17)
FNDA:1,(anonymous_18)
FNDA:1,(anonymous_19)
FNDA:1,(anonymous_20)
FNDA:1,(anonymous_21)
FNDA:1,(anonymous_22)
FNDA:1,(anonymous_23)
FNDA:1,(anonymous_24)
FNDA:1,(anonymous_25)
FNDA:1,(anonymous_26)
FNDA:1,(anonymous_27)
FNDA:1,(anonymous_28)
FNDA:1,(anonymous_29)
FNDA:1,(anonymous_30)
FNDA:1,(anonymous_31)
DA:3,1
DA:4,1
DA:7,1
DA:10,1
DA:12,1
DA:13,17
DA:37,17
DA:38,17
DA:41,17
DA:42,17
DA:43,17
DA:44,17
DA:45,17
DA:49,1
DA:50,1
DA:51,1
DA:55,1
DA:56,1
DA:57,1
DA:60,1
DA:61,1
DA:62,1
DA:63,1
DA:66,1
DA:67,1
DA:69,1
DA:71,1
DA:73,1
DA:76,1
DA:77,1
DA:79,1
DA:81,1
DA:83,1
DA:86,1
DA:87,1
DA:89,1
DA:91,1
DA:93,1
DA:96,1
DA:97,1
DA:99,1
DA:101,1
DA:103,1
DA:107,1
DA:108,1
DA:109,1
DA:112,1
DA:113,1
DA:114,1
DA:115,1
DA:118,1
DA:120,1
DA:121,1
DA:122,1
DA:125,1
DA:126,1
DA:127,1
DA:128,1
DA:131,1
DA:132,1
DA:133,1
DA:134,1
DA:135,1
DA:136,1
DA:137,1
DA:140,1
DA:141,1
DA:142,1
DA:143,1
DA:144,1
DA:145,1
DA:148,1
DA:149,1
DA:150,1
DA:151,1
DA:154,1
DA:155,1
DA:156,1
DA:157,1
DA:158,1
DA:161,1
DA:162,1
DA:163,1
DA:164,1
DA:167,1
DA:168,1
DA:169,1
DA:170,1
DA:174,1
DA:175,1
DA:177,1
DA:181,1
DA:182,1
DA:183,1
DA:184,1
DA:185,1
DA:186,1
DA:187,1
DA:189,1
DA:194,1
DA:195,1
DA:196,1
DA:197,1
DA:198,1
DA:199,1
DA:200,1
DA:201,1
LF:107
LH:107
BRF:0
BRH:0
end_of_record
TN:
SF:./public/modules/core/tests/home.client.controller.test.js
FN:3,(anonymous_1)
FN:4,(anonymous_2)
FN:12,(anonymous_3)
FN:18,(anonymous_4)
FN:19,(anonymous_5)
FN:21,(anonymous_6)
FN:34,(anonymous_7)
FN:35,(anonymous_8)
FN:36,(anonymous_9)
FN:49,(anonymous_10)
FN:52,(anonymous_11)
FN:67,(anonymous_12)
FN:70,(anonymous_13)
FN:77,(anonymous_14)
FN:90,(anonymous_15)
FN:91,(anonymous_16)
FN:94,(anonymous_17)
FN:101,(anonymous_18)
FNF:18
FNH:18
FNDA:1,(anonymous_1)
FNDA:1,(anonymous_2)
FNDA:5,(anonymous_3)
FNDA:1,(anonymous_4)
FNDA:1,(anonymous_5)
FNDA:1,(anonymous_6)
FNDA:1,(anonymous_7)
FNDA:1,(anonymous_8)
FNDA:1,(anonymous_9)
FNDA:1,(anonymous_10)
FNDA:1,(anonymous_11)
FNDA:1,(anonymous_12)
FNDA:1,(anonymous_13)
FNDA:1,(anonymous_14)
FNDA:1,(anonymous_15)
FNDA:1,(anonymous_16)
FNDA:1,(anonymous_17)
FNDA:1,(anonymous_18)
DA:3,1
DA:4,1
DA:7,1
DA:10,1
DA:12,1
DA:13,5
DA:14,5
DA:15,5
DA:18,1
DA:19,1
DA:20,1
DA:22,1
DA:23,1
DA:27,1
DA:30,1
DA:34,1
DA:35,1
DA:36,1
DA:37,1
DA:38,1
DA:41,1
DA:43,1
DA:46,1
DA:49,1
DA:50,1
DA:52,1
DA:53,1
DA:56,1
DA:59,1
DA:61,1
DA:62,1
DA:64,1
DA:67,1
DA:68,1
DA:70,1
DA:71,1
DA:74,1
DA:77,1
DA:79,1
DA:81,1
DA:83,1
DA:84,1
DA:86,1
DA:90,1
DA:91,1
DA:92,1
DA:94,1
DA:95,1
DA:98,1
DA:101,1
DA:103,1
DA:105,1
DA:107,1
DA:110,1
LF:54
LH:54
BRF:0
BRH:0
end_of_record
TN:
SF:./public/modules/core/tests/last-screen.client.controller.test.js
FN:3,(anonymous_1)
FN:4,(anonymous_2)
FN:12,(anonymous_3)
FN:18,(anonymous_4)
FN:19,(anonymous_5)
FN:28,(anonymous_6)
FN:29,(anonymous_7)
FNF:7
FNH:7
FNDA:1,(anonymous_1)
FNDA:1,(anonymous_2)
FNDA:2,(anonymous_3)
FNDA:1,(anonymous_4)
FNDA:1,(anonymous_5)
FNDA:1,(anonymous_6)
FNDA:1,(anonymous_7)
DA:3,1
DA:4,1
DA:7,1
DA:10,1
DA:12,1
DA:13,2
DA:14,2
DA:15,2
DA:18,1
DA:19,1
DA:20,1
DA:25,1
DA:28,1
DA:29,1
DA:31,1
DA:39,1
DA:41,1
DA:44,1
LF:18
LH:18
BRF:0
BRH:0
end_of_record
TN:
SF:./public/modules/core/tests/master.client.controller.test.js
FN:3,(anonymous_1)
FN:4,(anonymous_2)
FN:12,(anonymous_3)
FN:15,(anonymous_4)
FN:22,(anonymous_5)
FN:24,(anonymous_6)
FN:33,(anonymous_7)
FN:43,(anonymous_8)
FN:51,(anonymous_9)
FN:53,(anonymous_10)
FN:73,(anonymous_11)
FN:75,(anonymous_12)
FN:85,(anonymous_13)
FN:86,(anonymous_14)
FN:98,(anonymous_15)
FN:100,(anonymous_16)
FN:109,(anonymous_17)
FN:119,(anonymous_18)
FN:120,(anonymous_19)
FN:121,(anonymous_20)
FN:131,(anonymous_21)
FN:144,(anonymous_22)
FN:145,(anonymous_23)
FN:156,(anonymous_24)
FN:157,(anonymous_25)
FN:169,(anonymous_26)
FN:170,(anonymous_27)
FN:181,(anonymous_28)
FN:192,(anonymous_29)
FN:202,(anonymous_30)
FN:212,(anonymous_31)
FN:224,(anonymous_32)
FN:229,(anonymous_33)
FN:247,(anonymous_34)
FN:248,(anonymous_35)
FN:249,(anonymous_36)
FN:251,(anonymous_37)
FN:266,(anonymous_38)
FN:268,(anonymous_39)
FN:284,(anonymous_40)
FN:302,(anonymous_41)
FN:304,(anonymous_42)
FN:317,(anonymous_43)
FN:319,(anonymous_44)
FN:335,(anonymous_45)
FN:336,(anonymous_46)
FN:349,(anonymous_47)
FN:362,(anonymous_48)
FNF:48
FNH:42
FNDA:1,(anonymous_1)
FNDA:1,(anonymous_2)
FNDA:26,(anonymous_3)
FNDA:50,(anonymous_4)
FNDA:1,(anonymous_5)
FNDA:1,(anonymous_6)
FNDA:1,(anonymous_7)
FNDA:1,(anonymous_8)
FNDA:1,(anonymous_9)
FNDA:0,(anonymous_10)
FNDA:1,(anonymous_11)
FNDA:1,(anonymous_12)
FNDA:1,(anonymous_13)
FNDA:1,(anonymous_14)
FNDA:1,(anonymous_15)
FNDA:1,(anonymous_16)
FNDA:1,(anonymous_17)
FNDA:1,(anonymous_18)
FNDA:1,(anonymous_19)
FNDA:1,(anonymous_20)
FNDA:1,(anonymous_21)
FNDA:1,(anonymous_22)
FNDA:1,(anonymous_23)
FNDA:1,(anonymous_24)
FNDA:1,(anonymous_25)
FNDA:1,(anonymous_26)
FNDA:1,(anonymous_27)
FNDA:1,(anonymous_28)
FNDA:1,(anonymous_29)
FNDA:1,(anonymous_30)
FNDA:1,(anonymous_31)
FNDA:1,(anonymous_32)
FNDA:0,(anonymous_33)
FNDA:1,(anonymous_34)
FNDA:1,(anonymous_35)
FNDA:1,(anonymous_36)
FNDA:0,(anonymous_37)
FNDA:1,(anonymous_38)
FNDA:0,(anonymous_39)
FNDA:1,(anonymous_40)
FNDA:1,(anonymous_41)
FNDA:0,(anonymous_42)
FNDA:1,(anonymous_43)
FNDA:0,(anonymous_44)
FNDA:1,(anonymous_45)
FNDA:1,(anonymous_46)
FNDA:1,(anonymous_47)
FNDA:1,(anonymous_48)
DA:3,1
DA:4,1
DA:7,1
DA:10,1
DA:12,1
DA:13,26
DA:14,26
DA:15,26
DA:16,26
DA:17,26
DA:18,26
DA:19,26
DA:22,1
DA:24,1
DA:26,1
DA:29,1
DA:30,1
DA:33,1
DA:35,1
DA:38,1
DA:39,1
DA:40,1
DA:43,1
DA:45,1
DA:48,1
DA:51,1
DA:52,1
DA:56,1
DA:65,1
DA:66,1
DA:69,1
DA:73,1
DA:75,1
DA:76,1
DA:79,1
DA:82,1
DA:85,1
DA:86,1
DA:87,1
DA:90,1
DA:92,1
DA:94,1
DA:98,1
DA:100,1
DA:101,1
DA:104,1
DA:105,1
DA:106,1
DA:109,1
DA:111,1
DA:113,1
DA:114,1
DA:115,1
DA:119,1
DA:120,1
DA:121,1
DA:123,1
DA:126,1
DA:127,1
DA:128,1
DA:131,1
DA:133,1
DA:136,1
DA:137,1
DA:138,1
DA:139,1
DA:140,1
DA:144,1
DA:145,1
DA:147,1
DA:150,1
DA:151,1
DA:152,1
DA:156,1
DA:157,1
DA:159,1
DA:162,1
DA:163,1
DA:164,1
DA:169,1
DA:170,1
DA:172,1
DA:174,1
DA:177,1
DA:178,1
DA:181,1
DA:183,1
DA:185,1
DA:188,1
DA:189,1
DA:192,1
DA:194,1
DA:196,1
DA:199,1
DA:202,1
DA:204,1
DA:206,1
DA:209,1
DA:212,1
DA:214,1
DA:216,1
DA:219,1
DA:220,1
DA:221,1
DA:224,1
DA:226,1
DA:227,1
DA:228,1
DA:232,1
DA:239,1
DA:241,1
DA:242,1
DA:243,1
DA:247,1
DA:248,1
DA:249,1
DA:250,1
DA:254,1
DA:261,1
DA:262,1
DA:263,1
DA:266,1
DA:267,1
DA:271,1
DA:278,1
DA:279,1
DA:280,1
DA:284,1
DA:285,1
DA:287,1
DA:294,1
DA:296,1
DA:298,1
DA:299,1
DA:302,1
DA:303,1
DA:307,1
DA:314,1
DA:317,1
DA:318,1
DA:322,1
DA:329,1
DA:330,1
DA:331,1
DA:335,1
DA:336,1
DA:338,1
DA:341,1
DA:343,1
DA:345,1
DA:346,1
DA:349,1
DA:351,1
DA:354,1
DA:356,1
DA:358,1
DA:359,1
DA:362,1
DA:364,1
DA:367,1
DA:369,1
DA:371,1
DA:372,1
DA:373,1
DA:374,1
LF:165
LH:165
BRF:0
BRH:0
end_of_record
TN:
SF:./public/modules/core/tests/media-playback.client.controller.test.js
FN:3,(anonymous_1)
FN:4,(anonymous_2)
FN:12,(anonymous_3)
FN:21,(anonymous_4)
FN:22,(anonymous_5)
FN:23,(anonymous_6)
FN:33,(anonymous_7)
FN:34,(anonymous_8)
FN:42,(anonymous_9)
FN:50,(anonymous_10)
FN:58,(anonymous_11)
FN:67,(anonymous_12)
FN:68,(anonymous_13)
FN:69,(anonymous_14)
FN:113,(anonymous_15)
FN:140,(anonymous_16)
FN:141,(anonymous_17)
FN:151,(anonymous_18)
FN:153,(anonymous_19)
FN:172,(anonymous_20)
FN:174,(anonymous_21)
FN:193,(anonymous_22)
FN:195,(anonymous_23)
FN:216,(anonymous_24)
FN:218,(anonymous_25)
FN:241,(anonymous_26)
FN:243,(anonymous_27)
FN:267,(anonymous_28)
FN:269,(anonymous_29)
FN:292,(anonymous_30)
FN:294,(anonymous_31)
FN:326,(anonymous_32)
FN:328,(anonymous_33)
FN:360,(anonymous_34)
FN:361,(anonymous_35)
FN:373,(anonymous_36)
FN:381,(anonymous_37)
FN:400,(anonymous_38)
FN:401,(anonymous_39)
FN:412,(anonymous_40)
FN:423,(anonymous_41)
FN:443,(anonymous_42)
FN:451,(anonymous_43)
FNF:43
FNH:36
FNDA:1,(anonymous_1)
FNDA:1,(anonymous_2)
FNDA:21,(anonymous_3)
FNDA:1,(anonymous_4)
FNDA:1,(anonymous_5)
FNDA:1,(anonymous_6)
FNDA:1,(anonymous_7)
FNDA:1,(anonymous_8)
FNDA:1,(anonymous_9)
FNDA:1,(anonymous_10)
FNDA:1,(anonymous_11)
FNDA:1,(anonymous_12)
FNDA:1,(anonymous_13)
FNDA:1,(anonymous_14)
FNDA:1,(anonymous_15)
FNDA:1,(anonymous_16)
FNDA:1,(anonymous_17)
FNDA:1,(anonymous_18)
FNDA:0,(anonymous_19)
FNDA:1,(anonymous_20)
FNDA:0,(anonymous_21)
FNDA:1,(anonymous_22)
FNDA:1,(anonymous_23)
FNDA:1,(anonymous_24)
FNDA:0,(anonymous_25)
FNDA:1,(anonymous_26)
FNDA:1,(anonymous_27)
FNDA:1,(anonymous_28)
FNDA:1,(anonymous_29)
FNDA:1,(anonymous_30)
FNDA:0,(anonymous_31)
FNDA:1,(anonymous_32)
FNDA:0,(anonymous_33)
FNDA:1,(anonymous_34)
FNDA:1,(anonymous_35)
FNDA:1,(anonymous_36)
FNDA:1,(anonymous_37)
FNDA:1,(anonymous_38)
FNDA:0,(anonymous_39)
FNDA:1,(anonymous_40)
FNDA:1,(anonymous_41)
FNDA:1,(anonymous_42)
FNDA:0,(anonymous_43)
DA:3,1
DA:4,1
DA:7,1
DA:10,1
DA:12,1
DA:13,21
DA:14,21
DA:15,21
DA:16,21
DA:17,21
DA:18,21
DA:21,1
DA:22,1
DA:23,1
DA:24,1
DA:29,1
DA:33,1
DA:34,1
DA:35,1
DA:39,1
DA:42,1
DA:43,1
DA:47,1
DA:50,1
DA:51,1
DA:55,1
DA:58,1
DA:59,1
DA:63,1
DA:67,1
DA:68,1
DA:69,1
DA:71,1
DA:88,1
DA:92,1
DA:93,1
DA:94,1
DA:95,1
DA:113,1
DA:114,1
DA:130,1
DA:134,1
DA:135,1
DA:136,1
DA:140,1
DA:141,1
DA:142,1
DA:143,1
DA:146,1
DA:147,1
DA:148,1
DA:151,1
DA:152,1
DA:153,1
DA:155,1
DA:158,1
DA:159,1
DA:169,1
DA:172,1
DA:173,1
DA:174,1
DA:176,1
DA:179,1
DA:180,1
DA:190,1
DA:193,1
DA:194,1
DA:195,1
DA:197,1
DA:200,1
DA:211,1
DA:213,1
DA:216,1
DA:217,1
DA:218,1
DA:220,1
DA:223,1
DA:234,1
DA:236,1
DA:238,1
DA:241,1
DA:242,1
DA:243,1
DA:245,1
DA:249,1
DA:250,1
DA:251,1
DA:262,1
DA:264,1
DA:267,1
DA:268,1
DA:269,1
DA:271,1
DA:275,1
DA:276,1
DA:287,1
DA:289,1
DA:292,1
DA:293,1
DA:294,1
DA:296,1
DA:306,1
DA:310,1
DA:321,1
DA:323,1
DA:326,1
DA:327,1
DA:328,1
DA:330,1
DA:340,1
DA:344,1
DA:355,1
DA:357,1
DA:360,1
DA:361,1
DA:363,1
DA:367,1
DA:368,1
DA:369,1
DA:373,1
DA:374,1
DA:381,1
DA:383,1
DA:387,1
DA:388,1
DA:389,1
DA:390,1
DA:400,1
DA:401,1
DA:403,1
DA:407,1
DA:408,1
DA:409,1
DA:412,1
DA:413,1
DA:423,1
DA:425,1
DA:429,1
DA:431,1
DA:440,1
DA:443,1
DA:444,1
DA:451,1
DA:453,1
DA:457,1
DA:458,1
DA:460,1
DA:461,1
LF:148
LH:148
BRF:0
BRH:0
end_of_record
TN:
SF:./public/modules/core/tests/questionnaire.client.controller.test.js
FN:3,(anonymous_1)
FN:4,(anonymous_2)
FN:12,(anonymous_3)
FN:27,(anonymous_4)
FN:28,(anonymous_5)
FN:29,(anonymous_6)
FN:38,(anonymous_7)
FNF:7
FNH:7
FNDA:1,(anonymous_1)
FNDA:1,(anonymous_2)
FNDA:2,(anonymous_3)
FNDA:1,(anonymous_4)
FNDA:1,(anonymous_5)
FNDA:1,(anonymous_6)
FNDA:1,(anonymous_7)
DA:3,1
DA:4,1
DA:7,1
DA:10,1
DA:12,1
DA:13,2
DA:14,2
DA:15,2
DA:17,2
DA:22,2
DA:23,2
DA:24,2
DA:27,1
DA:28,1
DA:29,1
DA:30,1
DA:35,1
DA:38,1
DA:39,1
DA:43,1
LF:20
LH:20
BRF:0
BRH:0
end_of_record
TN:
SF:./public/modules/core/tests/questionnaire.client.directive.test.js
FN:3,(anonymous_1)
FN:4,(anonymous_2)
FN:12,(anonymous_3)
FN:18,(anonymous_4)
FN:30,(anonymous_5)
FN:40,(anonymous_6)
FN:51,(anonymous_7)
FN:62,(anonymous_8)
FN:78,(anonymous_9)
FN:101,(anonymous_10)
FN:102,(anonymous_11)
FN:122,(anonymous_12)
FN:138,(anonymous_13)
FN:154,(anonymous_14)
FN:170,(anonymous_15)
FN:186,(anonymous_16)
FN:202,(anonymous_17)
FN:218,(anonymous_18)
FN:234,(anonymous_19)
FN:250,(anonymous_20)
FN:266,(anonymous_21)
FN:284,(anonymous_22)
FN:285,(anonymous_23)
FN:308,(anonymous_24)
FN:324,(anonymous_25)
FN:340,(anonymous_26)
FN:356,(anonymous_27)
FN:372,(anonymous_28)
FN:398,(anonymous_29)
FN:399,(anonymous_30)
FN:419,(anonymous_31)
FN:435,(anonymous_32)
FN:451,(anonymous_33)
FN:467,(anonymous_34)
FN:483,(anonymous_35)
FN:499,(anonymous_36)
FN:515,(anonymous_37)
FN:531,(anonymous_38)
FN:547,(anonymous_39)
FN:563,(anonymous_40)
FN:598,(anonymous_41)
FN:599,(anonymous_42)
FN:622,(anonymous_43)
FN:638,(anonymous_44)
FN:654,(anonymous_45)
FN:670,(anonymous_46)
FN:686,(anonymous_47)
FN:703,(anonymous_48)
FN:704,(anonymous_49)
FN:727,(anonymous_50)
FN:743,(anonymous_51)
FN:759,(anonymous_52)
FN:775,(anonymous_53)
FN:791,(anonymous_54)
FN:807,(anonymous_55)
FN:823,(anonymous_56)
FN:839,(anonymous_57)
FNF:57
FNH:57
FNDA:1,(anonymous_1)
FNDA:1,(anonymous_2)
FNDA:49,(anonymous_3)
FNDA:1,(anonymous_4)
FNDA:1,(anonymous_5)
FNDA:1,(anonymous_6)
FNDA:1,(anonymous_7)
FNDA:1,(anonymous_8)
FNDA:1,(anonymous_9)
FNDA:1,(anonymous_10)
FNDA:1,(anonymous_11)
FNDA:1,(anonymous_12)
FNDA:1,(anonymous_13)
FNDA:1,(anonymous_14)
FNDA:1,(anonymous_15)
FNDA:1,(anonymous_16)
FNDA:1,(anonymous_17)
FNDA:1,(anonymous_18)
FNDA:1,(anonymous_19)
FNDA:1,(anonymous_20)
FNDA:1,(anonymous_21)
FNDA:1,(anonymous_22)
FNDA:1,(anonymous_23)
FNDA:1,(anonymous_24)
FNDA:1,(anonymous_25)
FNDA:1,(anonymous_26)
FNDA:1,(anonymous_27)
FNDA:1,(anonymous_28)
FNDA:1,(anonymous_29)
FNDA:1,(anonymous_30)
FNDA:1,(anonymous_31)
FNDA:1,(anonymous_32)
FNDA:1,(anonymous_33)
FNDA:1,(anonymous_34)
FNDA:1,(anonymous_35)
FNDA:1,(anonymous_36)
FNDA:1,(anonymous_37)
FNDA:1,(anonymous_38)
FNDA:1,(anonymous_39)
FNDA:1,(anonymous_40)
FNDA:1,(anonymous_41)
FNDA:1,(anonymous_42)
FNDA:1,(anonymous_43)
FNDA:1,(anonymous_44)
FNDA:1,(anonymous_45)
FNDA:1,(anonymous_46)
FNDA:1,(anonymous_47)
FNDA:1,(anonymous_48)
FNDA:1,(anonymous_49)
FNDA:1,(anonymous_50)
FNDA:1,(anonymous_51)
FNDA:1,(anonymous_52)
FNDA:1,(anonymous_53)
FNDA:1,(anonymous_54)
FNDA:1,(anonymous_55)
FNDA:1,(anonymous_56)
FNDA:1,(anonymous_57)
DA:3,1
DA:4,1
DA:7,1
DA:10,1
DA:12,1
DA:13,49
DA:14,49
DA:15,49
DA:18,1
DA:19,1
DA:23,1
DA:24,1
DA:26,1
DA:30,1
DA:31,1
DA:34,1
DA:35,1
DA:37,1
DA:40,1
DA:41,1
DA:45,1
DA:46,1
DA:48,1
DA:51,1
DA:52,1
DA:56,1
DA:58,1
DA:59,1
DA:62,1
DA:63,1
DA:71,1
DA:73,1
DA:74,1
DA:75,1
DA:78,1
DA:79,1
DA:80,1
DA:96,1
DA:97,1
DA:98,1
DA:101,1
DA:102,1
DA:103,1
DA:116,1
DA:118,1
DA:119,1
DA:122,1
DA:123,1
DA:132,1
DA:134,1
DA:135,1
DA:138,1
DA:139,1
DA:148,1
DA:150,1
DA:151,1
DA:154,1
DA:155,1
DA:164,1
DA:166,1
DA:167,1
DA:170,1
DA:171,1
DA:180,1
DA:182,1
DA:183,1
DA:186,1
DA:187,1
DA:196,1
DA:198,1
DA:199,1
DA:202,1
DA:203,1
DA:212,1
DA:214,1
DA:215,1
DA:218,1
DA:219,1
DA:228,1
DA:230,1
DA:231,1
DA:234,1
DA:235,1
DA:244,1
DA:246,1
DA:247,1
DA:250,1
DA:251,1
DA:260,1
DA:262,1
DA:263,1
DA:266,1
DA:267,1
DA:277,1
DA:279,1
DA:280,1
DA:284,1
DA:285,1
DA:286,1
DA:302,1
DA:304,1
DA:305,1
DA:308,1
DA:309,1
DA:318,1
DA:320,1
DA:321,1
DA:324,1
DA:325,1
DA:334,1
DA:336,1
DA:337,1
DA:340,1
DA:341,1
DA:350,1
DA:352,1
DA:353,1
DA:356,1
DA:357,1
DA:366,1
DA:368,1
DA:369,1
DA:372,1
DA:373,1
DA:391,1
DA:393,1
DA:394,1
DA:398,1
DA:399,1
DA:400,1
DA:413,1
DA:415,1
DA:416,1
DA:419,1
DA:420,1
DA:429,1
DA:431,1
DA:432,1
DA:435,1
DA:436,1
DA:445,1
DA:447,1
DA:448,1
DA:451,1
DA:452,1
DA:461,1
DA:463,1
DA:464,1
DA:467,1
DA:468,1
DA:477,1
DA:479,1
DA:480,1
DA:483,1
DA:484,1
DA:493,1
DA:495,1
DA:496,1
DA:499,1
DA:500,1
DA:509,1
DA:511,1
DA:512,1
DA:515,1
DA:516,1
DA:525,1
DA:527,1
DA:528,1
DA:531,1
DA:532,1
DA:541,1
DA:543,1
DA:544,1
DA:547,1
DA:548,1
DA:557,1
DA:559,1
DA:560,1
DA:563,1
DA:564,1
DA:591,1
DA:593,1
DA:594,1
DA:598,1
DA:599,1
DA:600,1
DA:616,1
DA:618,1
DA:619,1
DA:622,1
DA:623,1
DA:632,1
DA:634,1
DA:635,1
DA:638,1
DA:639,1
DA:648,1
DA:650,1
DA:651,1
DA:654,1
DA:655,1
DA:664,1
DA:666,1
DA:667,1
DA:670,1
DA:671,1
DA:680,1
DA:682,1
DA:683,1
DA:686,1
DA:687,1
DA:696,1
DA:698,1
DA:699,1
DA:703,1
DA:704,1
DA:705,1
DA:721,1
DA:723,1
DA:724,1
DA:727,1
DA:728,1
DA:737,1
DA:739,1
DA:740,1
DA:743,1
DA:744,1
DA:753,1
DA:755,1
DA:756,1
DA:759,1
DA:760,1
DA:769,1
DA:771,1
DA:772,1
DA:775,1
DA:776,1
DA:785,1
DA:787,1
DA:788,1
DA:791,1
DA:792,1
DA:801,1
DA:803,1
DA:804,1
DA:807,1
DA:808,1
DA:817,1
DA:819,1
DA:820,1
DA:823,1
DA:824,1
DA:833,1
DA:835,1
DA:836,1
DA:839,1
DA:840,1
DA:848,1
DA:850,1
DA:851,1
LF:260
LH:260
BRF:0
BRH:0
end_of_record
TN:
SF:./public/modules/core/tests/radio-question.client.directive.test.js
FN:3,(anonymous_1)
FN:4,(anonymous_2)
FN:12,(anonymous_3)
FN:18,(anonymous_4)
FN:26,(anonymous_5)
FN:34,(anonymous_6)
FN:46,(anonymous_7)
FN:47,(anonymous_8)
FN:63,(anonymous_9)
FN:75,(anonymous_10)
FN:85,(anonymous_11)
FN:95,(anonymous_12)
FN:107,(anonymous_13)
FN:118,(anonymous_14)
FN:136,(anonymous_15)
FN:137,(anonymous_16)
FN:155,(anonymous_17)
FN:174,(anonymous_18)
FN:192,(anonymous_19)
FNF:19
FNH:19
FNDA:1,(anonymous_1)
FNDA:1,(anonymous_2)
FNDA:14,(anonymous_3)
FNDA:1,(anonymous_4)
FNDA:1,(anonymous_5)
FNDA:1,(anonymous_6)
FNDA:1,(anonymous_7)
FNDA:1,(anonymous_8)
FNDA:1,(anonymous_9)
FNDA:1,(anonymous_10)
FNDA:1,(anonymous_11)
FNDA:1,(anonymous_12)
FNDA:1,(anonymous_13)
FNDA:1,(anonymous_14)
FNDA:1,(anonymous_15)
FNDA:1,(anonymous_16)
FNDA:1,(anonymous_17)
FNDA:1,(anonymous_18)
FNDA:1,(anonymous_19)
DA:3,1
DA:4,1
DA:7,1
DA:10,1
DA:12,1
DA:13,14
DA:14,14
DA:15,14
DA:18,1
DA:19,1
DA:20,1
DA:21,1
DA:22,1
DA:23,1
DA:26,1
DA:27,1
DA:28,1
DA:29,1
DA:30,1
DA:31,1
DA:34,1
DA:35,1
DA:36,1
DA:37,1
DA:38,1
DA:39,1
DA:41,1
DA:42,1
DA:43,1
DA:46,1
DA:47,1
DA:48,1
DA:49,1
DA:50,1
DA:51,1
DA:53,1
DA:54,1
DA:56,1
DA:57,2
DA:58,2
DA:59,2
DA:63,1
DA:64,1
DA:65,1
DA:66,1
DA:67,1
DA:68,1
DA:69,1
DA:70,2
DA:71,2
DA:75,1
DA:76,1
DA:77,1
DA:78,1
DA:79,1
DA:80,1
DA:81,1
DA:82,1
DA:85,1
DA:86,1
DA:87,1
DA:88,1
DA:89,1
DA:90,1
DA:91,1
DA:92,1
DA:95,1
DA:96,1
DA:97,1
DA:98,1
DA:99,1
DA:100,1
DA:101,1
DA:102,2
DA:103,2
DA:107,1
DA:108,1
DA:109,1
DA:110,1
DA:111,1
DA:112,1
DA:113,1
DA:114,2
DA:118,1
DA:119,1
DA:120,1
DA:121,1
DA:122,1
DA:123,1
DA:125,1
DA:126,1
DA:127,2
DA:128,2
DA:129,2
DA:130,2
DA:131,2
DA:136,1
DA:137,1
DA:138,1
DA:139,1
DA:140,1
DA:141,1
DA:142,1
DA:143,1
DA:145,1
DA:147,1
DA:148,1
DA:150,1
DA:151,1
DA:152,1
DA:155,1
DA:156,1
DA:157,1
DA:158,1
DA:159,1
DA:160,1
DA:161,1
DA:163,1
DA:164,1
DA:166,1
DA:167,1
DA:169,1
DA:170,1
DA:171,1
DA:174,1
DA:175,1
DA:176,1
DA:177,1
DA:178,1
DA:179,1
DA:180,1
DA:182,1
DA:184,1
DA:185,1
DA:187,1
DA:188,1
DA:189,1
DA:192,1
DA:193,1
DA:194,1
DA:195,1
DA:196,1
DA:197,1
DA:198,1
DA:200,1
DA:202,1
DA:203,1
DA:205,1
DA:206,1
DA:207,1
LF:150
LH:150
BRF:0
BRH:0
end_of_record
TN:
SF:./public/modules/core/tests/scale-question.client.directive.test.js
FN:3,(anonymous_1)
FN:4,(anonymous_2)
FN:12,(anonymous_3)
FN:19,(anonymous_4)
FN:25,(anonymous_5)
FN:34,(anonymous_6)
FN:38,(anonymous_7)
FN:51,(anonymous_8)
FN:55,(anonymous_9)
FN:75,(anonymous_10)
FN:76,(anonymous_11)
FN:83,(anonymous_12)
FN:91,(anonymous_13)
FN:92,(anonymous_14)
FN:151,(anonymous_15)
FN:190,(anonymous_16)
FN:191,(anonymous_17)
FN:201,(anonymous_18)
FN:202,(anonymous_19)
FN:209,(anonymous_20)
FN:217,(anonymous_21)
FN:225,(anonymous_22)
FN:233,(anonymous_23)
FN:241,(anonymous_24)
FN:250,(anonymous_25)
FN:261,(anonymous_26)
FN:275,(anonymous_27)
FN:279,(anonymous_28)
FN:288,(anonymous_29)
FN:292,(anonymous_30)
FN:297,(anonymous_31)
FN:301,(anonymous_32)
FN:305,(anonymous_33)
FN:309,(anonymous_34)
FN:313,(anonymous_35)
FN:317,(anonymous_36)
FN:321,(anonymous_37)
FN:325,(anonymous_38)
FN:329,(anonymous_39)
FN:333,(anonymous_40)
FN:337,(anonymous_41)
FN:341,(anonymous_42)
FN:348,(anonymous_43)
FN:349,(anonymous_44)
FN:364,(anonymous_45)
FNF:45
FNH:45
FNDA:1,(anonymous_1)
FNDA:1,(anonymous_2)
FNDA:33,(anonymous_3)
FNDA:1,(anonymous_4)
FNDA:1,(anonymous_5)
FNDA:1,(anonymous_6)
FNDA:2,(anonymous_7)
FNDA:1,(anonymous_8)
FNDA:1,(anonymous_9)
FNDA:1,(anonymous_10)
FNDA:1,(anonymous_11)
FNDA:1,(anonymous_12)
FNDA:1,(anonymous_13)
FNDA:1,(anonymous_14)
FNDA:1,(anonymous_15)
FNDA:1,(anonymous_16)
FNDA:1,(anonymous_17)
FNDA:1,(anonymous_18)
FNDA:1,(anonymous_19)
FNDA:1,(anonymous_20)
FNDA:1,(anonymous_21)
FNDA:1,(anonymous_22)
FNDA:1,(anonymous_23)
FNDA:1,(anonymous_24)
FNDA:1,(anonymous_25)
FNDA:16,(anonymous_26)
FNDA:1,(anonymous_27)
FNDA:1,(anonymous_28)
FNDA:1,(anonymous_29)
FNDA:1,(anonymous_30)
FNDA:1,(anonymous_31)
FNDA:1,(anonymous_32)
FNDA:1,(anonymous_33)
FNDA:1,(anonymous_34)
FNDA:1,(anonymous_35)
FNDA:1,(anonymous_36)
FNDA:1,(anonymous_37)
FNDA:1,(anonymous_38)
FNDA:1,(anonymous_39)
FNDA:1,(anonymous_40)
FNDA:1,(anonymous_41)
FNDA:1,(anonymous_42)
FNDA:1,(anonymous_43)
FNDA:1,(anonymous_44)
FNDA:1,(anonymous_45)
DA:3,1
DA:4,1
DA:7,1
DA:10,1
DA:12,1
DA:13,33
DA:14,33
DA:15,33
DA:16,33
DA:19,1
DA:20,1
DA:21,1
DA:22,1
DA:25,1
DA:26,1
DA:27,1
DA:28,1
DA:30,1
DA:31,1
DA:34,1
DA:36,1
DA:38,1
DA:40,2
DA:41,2
DA:42,2
DA:51,1
DA:52,1
DA:55,1
DA:58,1
DA:61,1
DA:64,1
DA:65,1
DA:68,1
DA:69,1
DA:70,1
DA:71,1
DA:75,1
DA:76,1
DA:77,1
DA:78,1
DA:79,1
DA:80,1
DA:83,1
DA:84,1
DA:85,1
DA:86,1
DA:87,1
DA:91,1
DA:92,1
DA:93,1
DA:114,1
DA:115,1
DA:116,1
DA:117,1
DA:119,1
DA:120,1
DA:121,1
DA:124,1
DA:125,1
DA:126,1
DA:127,1
DA:130,1
DA:131,1
DA:132,1
DA:135,1
DA:136,1
DA:139,1
DA:140,1
DA:141,1
DA:142,5
DA:143,5
DA:144,5
DA:147,5
DA:151,1
DA:152,1
DA:171,1
DA:172,1
DA:173,1
DA:174,1
DA:176,1
DA:177,1
DA:179,1
DA:181,1
DA:183,1
DA:184,1
DA:185,0
DA:190,1
DA:191,1
DA:192,1
DA:193,1
DA:195,1
DA:197,1
DA:201,1
DA:202,1
DA:203,1
DA:204,1
DA:205,1
DA:206,1
DA:209,1
DA:210,1
DA:211,1
DA:212,1
DA:213,5
DA:217,1
DA:218,1
DA:219,1
DA:220,1
DA:221,5
DA:225,1
DA:226,1
DA:227,1
DA:228,1
DA:229,5
DA:233,1
DA:234,1
DA:235,1
DA:236,1
DA:237,5
DA:241,1
DA:242,1
DA:243,1
DA:244,1
DA:245,5
DA:250,1
DA:251,1
DA:261,1
DA:262,16
DA:263,16
DA:264,16
DA:265,16
DA:266,16
DA:267,16
DA:268,16
DA:269,16
DA:270,16
DA:271,16
DA:272,16
DA:275,1
DA:276,1
DA:279,1
DA:280,1
DA:282,1
DA:283,5
DA:284,5
DA:288,1
DA:289,1
DA:292,1
DA:293,1
DA:294,1
DA:297,1
DA:298,1
DA:301,1
DA:302,1
DA:305,1
DA:306,1
DA:309,1
DA:310,1
DA:313,1
DA:314,1
DA:317,1
DA:318,1
DA:321,1
DA:322,1
DA:325,1
DA:326,1
DA:329,1
DA:330,1
DA:333,1
DA:334,1
DA:337,1
DA:338,1
DA:341,1
DA:342,1
DA:343,1
DA:344,1
DA:348,1
DA:349,1
DA:350,1
DA:351,1
DA:352,1
DA:354,1
DA:356,1
DA:357,1
DA:359,1
DA:360,1
DA:361,1
DA:364,1
DA:365,1
DA:366,1
DA:367,1
DA:368,1
DA:370,1
DA:371,1
DA:373,1
DA:374,1
DA:376,1
DA:377,1
DA:378,1
LF:198
LH:197
BRF:0
BRH:0
end_of_record
TN:
SF:./public/modules/core/tests/signal-test.client.controller.test.js
FN:3,(anonymous_1)
FN:4,(anonymous_2)
FN:12,(anonymous_3)
FN:25,(anonymous_4)
FN:26,(anonymous_5)
FN:35,(anonymous_6)
FN:36,(anonymous_7)
FN:45,(anonymous_8)
FN:54,(anonymous_9)
FN:63,(anonymous_10)
FN:64,(anonymous_11)
FN:69,(anonymous_12)
FN:75,(anonymous_13)
FN:80,(anonymous_14)
FN:86,(anonymous_15)
FN:91,(anonymous_16)
FN:98,(anonymous_17)
FN:99,(anonymous_18)
FN:110,(anonymous_19)
FN:121,(anonymous_20)
FN:134,(anonymous_21)
FN:135,(anonymous_22)
FN:162,(anonymous_23)
FN:187,(anonymous_24)
FN:213,(anonymous_25)
FN:225,(anonymous_26)
FN:226,(anonymous_27)
FN:237,(anonymous_28)
FN:250,(anonymous_29)
FN:271,(anonymous_30)
FN:292,(anonymous_31)
FN:313,(anonymous_32)
FN:334,(anonymous_33)
FN:350,(anonymous_34)
FNF:34
FNH:33
FNDA:1,(anonymous_1)
FNDA:1,(anonymous_2)
FNDA:22,(anonymous_3)
FNDA:1,(anonymous_4)
FNDA:1,(anonymous_5)
FNDA:1,(anonymous_6)
FNDA:1,(anonymous_7)
FNDA:1,(anonymous_8)
FNDA:1,(anonymous_9)
FNDA:1,(anonymous_10)
FNDA:1,(anonymous_11)
FNDA:1,(anonymous_12)
FNDA:1,(anonymous_13)
FNDA:0,(anonymous_14)
FNDA:1,(anonymous_15)
FNDA:1,(anonymous_16)
FNDA:1,(anonymous_17)
FNDA:1,(anonymous_18)
FNDA:1,(anonymous_19)
FNDA:1,(anonymous_20)
FNDA:1,(anonymous_21)
FNDA:1,(anonymous_22)
FNDA:1,(anonymous_23)
FNDA:1,(anonymous_24)
FNDA:1,(anonymous_25)
FNDA:1,(anonymous_26)
FNDA:1,(anonymous_27)
FNDA:1,(anonymous_28)
FNDA:1,(anonymous_29)
FNDA:1,(anonymous_30)
FNDA:1,(anonymous_31)
FNDA:1,(anonymous_32)
FNDA:1,(anonymous_33)
FNDA:1,(anonymous_34)
DA:3,1
DA:4,1
DA:7,1
DA:10,1
DA:12,1
DA:13,22
DA:14,22
DA:15,22
DA:16,22
DA:25,1
DA:26,1
DA:27,1
DA:32,1
DA:35,1
DA:36,1
DA:37,1
DA:38,1
DA:42,1
DA:45,1
DA:46,1
DA:47,1
DA:51,1
DA:54,1
DA:55,1
DA:56,1
DA:60,1
DA:63,1
DA:64,1
DA:65,1
DA:69,1
DA:70,1
DA:72,1
DA:75,1
DA:76,1
DA:80,1
DA:81,1
DA:83,1
DA:86,1
DA:87,1
DA:91,1
DA:92,1
DA:94,1
DA:98,1
DA:99,1
DA:100,1
DA:104,1
DA:105,1
DA:107,1
DA:110,1
DA:111,1
DA:115,1
DA:116,1
DA:118,1
DA:121,1
DA:122,1
DA:126,1
DA:127,1
DA:129,1
DA:134,1
DA:135,1
DA:136,1
DA:140,1
DA:142,1
DA:144,1
DA:146,1
DA:162,1
DA:163,1
DA:165,1
DA:169,1
DA:171,1
DA:187,1
DA:188,1
DA:192,1
DA:193,1
DA:195,1
DA:197,1
DA:213,1
DA:214,1
DA:218,1
DA:220,1
DA:222,1
DA:225,1
DA:226,1
DA:227,1
DA:229,1
DA:233,1
DA:234,1
DA:237,1
DA:238,1
DA:240,1
DA:244,1
DA:246,1
DA:247,1
DA:250,1
DA:251,1
DA:255,1
DA:264,1
DA:266,1
DA:268,1
DA:271,1
DA:272,1
DA:276,1
DA:285,1
DA:287,1
DA:289,1
DA:292,1
DA:293,1
DA:297,1
DA:306,1
DA:308,1
DA:310,1
DA:313,1
DA:314,1
DA:318,1
DA:327,1
DA:329,1
DA:331,1
DA:334,1
DA:335,1
DA:339,1
DA:343,1
DA:345,1
DA:347,1
DA:350,1
DA:351,1
DA:355,1
DA:359,1
DA:361,1
DA:363,1
LF:129
LH:129
BRF:0
BRH:0
end_of_record
TN:
SF:./public/modules/core/tests/socketio.client.service.test.js
FN:3,(anonymous_1)
FN:4,(anonymous_2)
FN:12,(anonymous_3)
FN:19,(anonymous_4)
FN:20,(anonymous_5)
FN:25,(anonymous_6)
FN:26,(anonymous_7)
FN:30,(anonymous_8)
FN:34,(anonymous_9)
FNF:9
FNH:9
FNDA:1,(anonymous_1)
FNDA:1,(anonymous_2)
FNDA:4,(anonymous_3)
FNDA:1,(anonymous_4)
FNDA:1,(anonymous_5)
FNDA:1,(anonymous_6)
FNDA:1,(anonymous_7)
FNDA:1,(anonymous_8)
FNDA:1,(anonymous_9)
DA:3,1
DA:4,1
DA:7,1
DA:10,1
DA:12,1
DA:13,4
DA:15,4
DA:16,4
DA:19,1
DA:20,1
DA:21,1
DA:25,1
DA:26,1
DA:27,1
DA:30,1
DA:31,1
DA:34,1
DA:35,1
LF:18
LH:18
BRF:0
BRH:0
end_of_record
TN:
SF:./public/modules/core/tests/sound-test.client.controller.test.js
FN:3,(anonymous_1)
FN:4,(anonymous_2)
FN:12,(anonymous_3)
FN:25,(anonymous_4)
FN:26,(anonymous_5)
FN:51,(anonymous_6)
FN:78,(anonymous_7)
FNF:7
FNH:7
FNDA:1,(anonymous_1)
FNDA:1,(anonymous_2)
FNDA:3,(anonymous_3)
FNDA:1,(anonymous_4)
FNDA:1,(anonymous_5)
FNDA:1,(anonymous_6)
FNDA:1,(anonymous_7)
DA:3,1
DA:4,1
DA:7,1
DA:10,1
DA:12,1
DA:13,3
DA:14,3
DA:15,3
DA:16,3
DA:25,1
DA:26,1
DA:27,1
DA:29,1
DA:33,1
DA:35,1
DA:51,1
DA:52,1
DA:56,1
DA:58,1
DA:60,1
DA:62,1
DA:78,1
DA:79,1
DA:83,1
DA:84,1
DA:85,1
LF:26
LH:26
BRF:0
BRH:0
end_of_record
TN:
SF:./public/modules/core/tests/start.client.controller.test.js
FN:5,(anonymous_1)
FN:6,(anonymous_2)
FN:14,(anonymous_3)
FN:23,(anonymous_4)
FN:33,(anonymous_5)
FN:34,(anonymous_6)
FN:35,(anonymous_7)
FN:44,(anonymous_8)
FN:55,(anonymous_9)
FN:56,(anonymous_10)
FN:65,(anonymous_11)
FN:95,(anonymous_12)
FN:96,(anonymous_13)
FN:97,(anonymous_14)
FN:104,(anonymous_15)
FN:113,(anonymous_16)
FN:126,(anonymous_17)
FN:142,(anonymous_18)
FN:143,(anonymous_19)
FN:151,(anonymous_20)
FN:164,(anonymous_21)
FN:176,(anonymous_22)
FN:177,(anonymous_23)
FNF:23
FNH:22
FNDA:1,(anonymous_1)
FNDA:1,(anonymous_2)
FNDA:12,(anonymous_3)
FNDA:1,(anonymous_4)
FNDA:1,(anonymous_5)
FNDA:1,(anonymous_6)
FNDA:1,(anonymous_7)
FNDA:1,(anonymous_8)
FNDA:1,(anonymous_9)
FNDA:1,(anonymous_10)
FNDA:1,(anonymous_11)
FNDA:1,(anonymous_12)
FNDA:1,(anonymous_13)
FNDA:1,(anonymous_14)
FNDA:1,(anonymous_15)
FNDA:1,(anonymous_16)
FNDA:1,(anonymous_17)
FNDA:1,(anonymous_18)
FNDA:1,(anonymous_19)
FNDA:1,(anonymous_20)
FNDA:1,(anonymous_21)
FNDA:1,(anonymous_22)
FNDA:0,(anonymous_23)
DA:5,1
DA:6,1
DA:9,1
DA:12,1
DA:14,1
DA:15,12
DA:16,12
DA:17,12
DA:18,12
DA:19,12
DA:20,12
DA:23,1
DA:24,1
DA:27,1
DA:28,1
DA:30,1
DA:33,1
DA:34,1
DA:35,1
DA:36,1
DA:39,1
DA:40,1
DA:41,1
DA:44,1
DA:45,1
DA:48,1
DA:49,1
DA:50,1
DA:55,1
DA:56,1
DA:57,1
DA:60,1
DA:61,1
DA:62,1
DA:65,1
DA:66,1
DA:74,1
DA:79,1
DA:81,1
DA:83,1
DA:84,1
DA:95,1
DA:96,1
DA:97,1
DA:98,1
DA:102,1
DA:104,1
DA:105,1
DA:107,1
DA:110,1
DA:113,1
DA:114,1
DA:116,1
DA:120,1
DA:122,1
DA:126,1
DA:127,1
DA:129,1
DA:133,1
DA:134,1
DA:136,1
DA:142,1
DA:143,1
DA:144,1
DA:148,1
DA:151,1
DA:152,1
DA:157,1
DA:159,1
DA:161,1
DA:164,1
DA:165,1
DA:170,1
DA:172,1
DA:173,1
DA:176,1
DA:177,1
DA:178,1
DA:179,1
DA:184,1
DA:186,1
DA:187,1
DA:189,0
LF:83
LH:82
BRF:0
BRH:0
end_of_record
TN:
SF:./public/modules/core/tests/trial-data.client.service.test.js
FN:3,(anonymous_1)
FN:4,(anonymous_2)
FN:54,(anonymous_3)
FN:58,(anonymous_4)
FN:59,(anonymous_5)
FN:63,(anonymous_6)
FN:113,(anonymous_7)
FN:114,(anonymous_8)
FN:119,(anonymous_9)
FN:126,(anonymous_10)
FN:127,(anonymous_11)
FN:132,(anonymous_12)
FN:139,(anonymous_13)
FN:140,(anonymous_14)
FN:145,(anonymous_15)
FN:146,(anonymous_16)
FN:152,(anonymous_17)
FN:158,(anonymous_18)
FN:163,(anonymous_19)
FN:169,(anonymous_20)
FN:175,(anonymous_21)
FN:181,(anonymous_22)
FN:187,(anonymous_23)
FN:193,(anonymous_24)
FN:200,(anonymous_25)
FN:201,(anonymous_26)
FN:208,(anonymous_27)
FN:214,(anonymous_28)
FN:221,(anonymous_29)
FN:227,(anonymous_30)
FNF:30
FNH:30
FNDA:1,(anonymous_1)
FNDA:1,(anonymous_2)
FNDA:21,(anonymous_3)
FNDA:1,(anonymous_4)
FNDA:1,(anonymous_5)
FNDA:1,(anonymous_6)
FNDA:1,(anonymous_7)
FNDA:1,(anonymous_8)
FNDA:1,(anonymous_9)
FNDA:1,(anonymous_10)
FNDA:1,(anonymous_11)
FNDA:1,(anonymous_12)
FNDA:1,(anonymous_13)
FNDA:1,(anonymous_14)
FNDA:1,(anonymous_15)
FNDA:1,(anonymous_16)
FNDA:1,(anonymous_17)
FNDA:1,(anonymous_18)
FNDA:1,(anonymous_19)
FNDA:1,(anonymous_20)
FNDA:1,(anonymous_21)
FNDA:1,(anonymous_22)
FNDA:1,(anonymous_23)
FNDA:1,(anonymous_24)
FNDA:1,(anonymous_25)
FNDA:1,(anonymous_26)
FNDA:1,(anonymous_27)
FNDA:1,(anonymous_28)
FNDA:1,(anonymous_29)
FNDA:1,(anonymous_30)
DA:3,1
DA:4,1
DA:7,1
DA:8,1
DA:52,1
DA:54,1
DA:55,21
DA:58,1
DA:59,1
DA:60,1
DA:63,1
DA:64,1
DA:65,1
DA:66,1
DA:67,1
DA:68,1
DA:69,1
DA:70,1
DA:71,1
DA:72,1
DA:73,1
DA:74,1
DA:75,1
DA:76,1
DA:77,1
DA:78,1
DA:79,1
DA:80,1
DA:81,1
DA:82,1
DA:83,1
DA:84,1
DA:85,1
DA:86,1
DA:87,1
DA:88,1
DA:89,1
DA:90,1
DA:91,1
DA:92,1
DA:93,1
DA:94,1
DA:95,1
DA:96,1
DA:97,1
DA:98,1
DA:99,1
DA:100,1
DA:101,1
DA:102,1
DA:103,1
DA:104,1
DA:105,1
DA:106,1
DA:107,1
DA:108,1
DA:109,1
DA:113,1
DA:114,1
DA:115,1
DA:116,1
DA:119,1
DA:120,1
DA:121,1
DA:122,1
DA:126,1
DA:127,1
DA:128,1
DA:129,1
DA:132,1
DA:133,1
DA:134,1
DA:135,1
DA:139,1
DA:140,1
DA:141,1
DA:142,1
DA:145,1
DA:146,1
DA:147,1
DA:148,1
DA:149,1
DA:152,1
DA:153,1
DA:154,1
DA:155,1
DA:158,1
DA:159,1
DA:160,1
DA:163,1
DA:164,1
DA:165,1
DA:166,1
DA:169,1
DA:170,1
DA:171,1
DA:172,1
DA:175,1
DA:176,1
DA:177,1
DA:178,1
DA:181,1
DA:182,1
DA:183,1
DA:184,1
DA:187,1
DA:188,1
DA:189,1
DA:190,1
DA:193,1
DA:194,1
DA:195,1
DA:196,1
DA:200,1
DA:201,1
DA:202,1
DA:203,1
DA:204,1
DA:205,1
DA:208,1
DA:209,1
DA:210,1
DA:211,1
DA:214,1
DA:215,1
DA:216,1
DA:217,1
DA:218,1
DA:221,1
DA:222,1
DA:223,1
DA:224,1
DA:227,1
DA:228,1
DA:229,1
DA:230,1
DA:231,1
LF:137
LH:137
BRF:0
BRH:0
end_of_record
